2024-01-22 11:18:55 | INFO     | DF | Running on torch 1.13.0+cu117
2024-01-22 11:18:55 | INFO     | DF | Running on host jyd01-Super-Server
2024-01-22 11:18:55 | INFO     | DF | Loading model settings of DeepFilterNet2
2024-01-22 11:18:55 | INFO     | DF | Initializing model `deepfilternet2`
2024-01-22 11:18:58 | WARNING  | DF | Could not find `best` checkpoint. Checking for default...
2024-01-22 11:18:58 | ERROR    | DF | Could not find a checkpoint
2024-01-22 11:20:45 | INFO     | DF | Running on torch 1.13.0+cu117
2024-01-22 11:20:45 | INFO     | DF | Running on host jyd01-Super-Server
2024-01-22 11:20:45 | INFO     | DF | Loading model settings of DeepFilterNet2
2024-01-22 11:20:45 | INFO     | DF | Initializing model `deepfilternet2`
2024-01-22 11:20:47 | INFO     | DF | Found checkpoint ./DeepFilterNet2/checkpoints/model_96.ckpt.best with epoch 96
2024-01-22 11:20:47 | INFO     | DF | Running on device cuda:0
2024-01-22 11:20:47 | INFO     | DF | Model loaded
2024-01-22 11:31:05 | INFO     | DF | Running on torch 1.13.0+cu117
2024-01-22 11:31:05 | INFO     | DF | Running on host jyd01-Super-Server
2024-01-22 11:31:05 | INFO     | DF | Loading model settings of DeepFilterNet2
2024-01-22 11:31:05 | INFO     | DF | Initializing model `deepfilternet2`
2024-01-22 11:31:07 | INFO     | DF | Found checkpoint ./DeepFilterNet2/checkpoints/model_96.ckpt.best with epoch 96
2024-01-22 11:31:07 | INFO     | DF | Running on device cuda:0
2024-01-22 11:31:07 | INFO     | DF | Model loaded
2024-01-22 11:41:13 | INFO     | DF | Running on torch 1.13.0+cu117
2024-01-22 11:41:13 | INFO     | DF | Running on host jyd01-Super-Server
2024-01-22 11:41:13 | INFO     | DF | Loading model settings of DeepFilterNet2
2024-01-22 11:41:13 | INFO     | DF | Initializing model `deepfilternet2`
2024-01-22 11:41:15 | INFO     | DF | Found checkpoint ./DeepFilterNet2/checkpoints/model_96.ckpt.best with epoch 96
2024-01-22 11:41:15 | INFO     | DF | Running on device cuda:0
2024-01-22 11:41:15 | INFO     | DF | Model loaded
2024-01-22 11:42:16 | INFO     | DF | Running on torch 1.13.0+cu117
2024-01-22 11:42:16 | INFO     | DF | Running on host jyd01-Super-Server
2024-01-22 11:42:16 | INFO     | DF | Loading model settings of DeepFilterNet2
2024-01-22 11:42:16 | INFO     | DF | Initializing model `deepfilternet2`
2024-01-22 11:42:17 | INFO     | DF | Found checkpoint ./DeepFilterNet2/checkpoints/model_96.ckpt.best with epoch 96
2024-01-22 11:42:17 | INFO     | DF | Running on device cuda:0
2024-01-22 11:42:17 | INFO     | DF | Model loaded
2024-01-22 11:42:37 | INFO     | DF | Running on torch 1.13.0+cu117
2024-01-22 11:42:37 | INFO     | DF | Running on host jyd01-Super-Server
2024-01-22 11:42:37 | INFO     | DF | Loading model settings of DeepFilterNet2
2024-01-22 11:42:37 | INFO     | DF | Initializing model `deepfilternet2`
2024-01-22 11:42:39 | INFO     | DF | Found checkpoint ./DeepFilterNet2/checkpoints/model_96.ckpt.best with epoch 96
2024-01-22 11:42:39 | INFO     | DF | Running on device cuda:0
2024-01-22 11:42:39 | INFO     | DF | Model loaded
2024-01-22 11:42:54 | INFO     | DF | Running on torch 1.13.0+cu117
2024-01-22 11:42:54 | INFO     | DF | Running on host jyd01-Super-Server
2024-01-22 11:42:54 | INFO     | DF | Loading model settings of DeepFilterNet2
2024-01-22 11:42:54 | INFO     | DF | Initializing model `deepfilternet2`
2024-01-22 11:42:56 | INFO     | DF | Found checkpoint ./DeepFilterNet2/checkpoints/model_96.ckpt.best with epoch 96
2024-01-22 11:42:56 | INFO     | DF | Running on device cuda:0
2024-01-22 11:42:56 | INFO     | DF | Model loaded
2024-01-22 11:52:18 | INFO     | DF | Running on torch 1.13.0+cu117
2024-01-22 11:52:18 | INFO     | DF | Running on host jyd01-Super-Server
2024-01-22 11:52:18 | INFO     | DF | Loading model settings of DeepFilterNet2
2024-01-22 11:52:18 | INFO     | DF | Initializing model `deepfilternet2`
2024-01-22 11:52:20 | INFO     | DF | Found checkpoint ./DeepFilterNet2/checkpoints/model_96.ckpt.best with epoch 96
2024-01-22 11:52:20 | INFO     | DF | Running on device cuda:0
2024-01-22 11:52:20 | INFO     | DF | Model loaded
2024-01-22 13:47:35 | INFO     | DF | Running on torch 1.13.0+cu117
2024-01-22 13:47:35 | INFO     | DF | Running on host jyd01-Super-Server
2024-01-22 13:47:35 | INFO     | DF | Loading model settings of DeepFilterNet2
2024-01-22 13:47:35 | INFO     | DF | Initializing model `deepfilternet2`
2024-01-22 13:47:37 | INFO     | DF | Found checkpoint ./DeepFilterNet2/checkpoints/model_96.ckpt.best with epoch 96
2024-01-22 13:47:37 | INFO     | DF | Running on device cuda:0
2024-01-22 13:47:37 | INFO     | DF | Model loaded
2024-01-22 13:49:19 | INFO     | DF | Running on torch 1.13.0+cu117
2024-01-22 13:49:19 | INFO     | DF | Running on host jyd01-Super-Server
2024-01-22 13:49:19 | INFO     | DF | Loading model settings of DeepFilterNet2
2024-01-22 13:49:19 | INFO     | DF | Initializing model `deepfilternet2`
2024-01-22 13:49:21 | INFO     | DF | Found checkpoint ./DeepFilterNet2/checkpoints/model_96.ckpt.best with epoch 96
2024-01-22 13:49:21 | INFO     | DF | Running on device cuda:0
2024-01-22 13:49:21 | INFO     | DF | Model loaded
2024-01-22 13:51:44 | INFO     | DF | Running on torch 1.13.0+cu117
2024-01-22 13:51:44 | INFO     | DF | Running on host jyd01-Super-Server
2024-01-22 13:51:44 | INFO     | DF | Loading model settings of DeepFilterNet2
2024-01-22 13:51:44 | INFO     | DF | Initializing model `deepfilternet2`
2024-01-22 13:51:46 | INFO     | DF | Found checkpoint ./DeepFilterNet2/checkpoints/model_96.ckpt.best with epoch 96
2024-01-22 13:51:46 | INFO     | DF | Running on device cuda:0
2024-01-22 13:51:46 | INFO     | DF | Model loaded
2024-01-22 13:54:11 | INFO     | DF | Running on torch 1.13.0+cu117
2024-01-22 13:54:11 | INFO     | DF | Running on host jyd01-Super-Server
2024-01-22 13:54:11 | INFO     | DF | Loading model settings of DeepFilterNet2
2024-01-22 13:54:11 | INFO     | DF | Initializing model `deepfilternet2`
2024-01-22 13:54:13 | INFO     | DF | Found checkpoint ./DeepFilterNet2/checkpoints/model_96.ckpt.best with epoch 96
2024-01-22 13:54:13 | INFO     | DF | Running on device cuda:0
2024-01-22 13:54:13 | INFO     | DF | Model loaded
2024-01-22 13:54:55 | INFO     | DF | Running on torch 1.13.0+cu117
2024-01-22 13:54:55 | INFO     | DF | Running on host jyd01-Super-Server
2024-01-22 13:54:55 | INFO     | DF | Loading model settings of DeepFilterNet2
2024-01-22 13:54:55 | INFO     | DF | Initializing model `deepfilternet2`
2024-01-22 13:54:56 | INFO     | DF | Found checkpoint ./DeepFilterNet2/checkpoints/model_96.ckpt.best with epoch 96
2024-01-22 13:54:56 | INFO     | DF | Running on device cuda:0
2024-01-22 13:54:56 | INFO     | DF | Model loaded
2024-01-22 13:55:21 | INFO     | DF | Running on torch 1.13.0+cu117
2024-01-22 13:55:21 | INFO     | DF | Running on host jyd01-Super-Server
2024-01-22 13:55:21 | INFO     | DF | Loading model settings of DeepFilterNet2
2024-01-22 13:55:21 | INFO     | DF | Initializing model `deepfilternet2`
2024-01-22 13:55:23 | INFO     | DF | Found checkpoint ./DeepFilterNet2/checkpoints/model_96.ckpt.best with epoch 96
2024-01-22 13:55:23 | INFO     | DF | Running on device cuda:0
2024-01-22 13:55:23 | INFO     | DF | Model loaded
2024-01-22 13:56:56 | INFO     | DF | Running on torch 1.13.0+cu117
2024-01-22 13:56:56 | INFO     | DF | Running on host jyd01-Super-Server
2024-01-22 13:56:56 | INFO     | DF | Loading model settings of DeepFilterNet2
2024-01-22 13:56:56 | INFO     | DF | Initializing model `deepfilternet2`
2024-01-22 13:56:58 | INFO     | DF | Found checkpoint ./DeepFilterNet2/checkpoints/model_96.ckpt.best with epoch 96
2024-01-22 13:56:58 | INFO     | DF | Running on device cuda:0
2024-01-22 13:56:58 | INFO     | DF | Model loaded
2024-01-22 14:03:53 | INFO     | DF | Running on torch 1.13.0+cu117
2024-01-22 14:03:53 | INFO     | DF | Running on host jyd01-Super-Server
2024-01-22 14:03:54 | INFO     | DF | Loading model settings of DeepFilterNet2
2024-01-22 14:03:54 | INFO     | DF | Initializing model `deepfilternet2`
2024-01-22 14:03:55 | INFO     | DF | Found checkpoint ./DeepFilterNet2/checkpoints/model_96.ckpt.best with epoch 96
2024-01-22 14:03:55 | INFO     | DF | Running on device cuda:0
2024-01-22 14:03:55 | INFO     | DF | Model loaded
2024-01-22 14:05:52 | INFO     | DF | Running on torch 1.13.0+cu117
2024-01-22 14:05:52 | INFO     | DF | Running on host jyd01-Super-Server
2024-01-22 14:05:52 | INFO     | DF | Loading model settings of DeepFilterNet2
2024-01-22 14:05:52 | INFO     | DF | Initializing model `deepfilternet2`
2024-01-22 14:05:54 | INFO     | DF | Found checkpoint ./DeepFilterNet2/checkpoints/model_96.ckpt.best with epoch 96
2024-01-22 14:05:54 | INFO     | DF | Running on device cuda:0
2024-01-22 14:05:54 | INFO     | DF | Model loaded
2024-01-22 14:08:08 | INFO     | DF | Running on torch 1.13.0+cu117
2024-01-22 14:08:08 | INFO     | DF | Running on host jyd01-Super-Server
2024-01-22 14:08:08 | INFO     | DF | Loading model settings of DeepFilterNet2
2024-01-22 14:08:08 | INFO     | DF | Initializing model `deepfilternet2`
2024-01-22 14:08:10 | INFO     | DF | Found checkpoint ./DeepFilterNet2/checkpoints/model_96.ckpt.best with epoch 96
2024-01-22 14:08:10 | INFO     | DF | Running on device cuda:0
2024-01-22 14:08:10 | INFO     | DF | Model loaded
2024-01-22 14:09:57 | INFO     | DF | Running on torch 1.13.0+cu117
2024-01-22 14:09:57 | INFO     | DF | Running on host jyd01-Super-Server
2024-01-22 14:09:57 | INFO     | DF | Loading model settings of DeepFilterNet2
2024-01-22 14:09:57 | INFO     | DF | Initializing model `deepfilternet2`
2024-01-22 14:09:59 | INFO     | DF | Found checkpoint ./DeepFilterNet2/checkpoints/model_96.ckpt.best with epoch 96
2024-01-22 14:09:59 | INFO     | DF | Running on device cuda:0
2024-01-22 14:09:59 | INFO     | DF | Model loaded
2024-01-22 14:12:19 | INFO     | DF | Running on torch 1.13.0+cu117
2024-01-22 14:12:19 | INFO     | DF | Running on host jyd01-Super-Server
2024-01-22 14:12:19 | INFO     | DF | Loading model settings of DeepFilterNet2
2024-01-22 14:12:19 | INFO     | DF | Initializing model `deepfilternet2`
2024-01-22 14:12:21 | INFO     | DF | Found checkpoint ./DeepFilterNet2/checkpoints/model_96.ckpt.best with epoch 96
2024-01-22 14:12:21 | INFO     | DF | Running on device cuda:0
2024-01-22 14:12:21 | INFO     | DF | Model loaded
2024-01-22 14:14:10 | INFO     | DF | Running on torch 1.13.0+cu117
2024-01-22 14:14:10 | INFO     | DF | Running on host jyd01-Super-Server
2024-01-22 14:14:10 | INFO     | DF | Loading model settings of DeepFilterNet2
2024-01-22 14:14:10 | INFO     | DF | Initializing model `deepfilternet2`
2024-01-22 14:14:12 | INFO     | DF | Found checkpoint ./DeepFilterNet2/checkpoints/model_96.ckpt.best with epoch 96
2024-01-22 14:14:13 | INFO     | DF | Running on device cuda:0
2024-01-22 14:14:13 | INFO     | DF | Model loaded
2024-01-22 14:20:58 | INFO     | DF | Running on torch 1.13.0+cu117
2024-01-22 14:20:58 | INFO     | DF | Running on host jyd01-Super-Server
2024-01-22 14:20:58 | INFO     | DF | Loading model settings of DeepFilterNet2
2024-01-22 14:20:58 | INFO     | DF | Initializing model `deepfilternet2`
2024-01-22 14:20:59 | INFO     | DF | Found checkpoint ./DeepFilterNet2/checkpoints/model_96.ckpt.best with epoch 96
2024-01-22 14:20:59 | INFO     | DF | Running on device cuda:0
2024-01-22 14:20:59 | INFO     | DF | Model loaded
2024-01-22 14:33:14 | INFO     | DF | Running on torch 1.13.0+cu117
2024-01-22 14:33:14 | INFO     | DF | Running on host jyd01-Super-Server
2024-01-22 14:33:14 | INFO     | DF | Loading model settings of DeepFilterNet2
2024-01-22 14:33:14 | INFO     | DF | Initializing model `deepfilternet2`
2024-01-22 14:33:16 | INFO     | DF | Found checkpoint ./DeepFilterNet2/checkpoints/model_96.ckpt.best with epoch 96
2024-01-22 14:33:16 | INFO     | DF | Running on device cuda:0
2024-01-22 14:33:16 | INFO     | DF | Model loaded
2024-01-22 14:34:17 | INFO     | DF | Running on torch 1.13.0+cu117
2024-01-22 14:34:17 | INFO     | DF | Running on host jyd01-Super-Server
2024-01-22 14:34:17 | INFO     | DF | Loading model settings of DeepFilterNet2
2024-01-22 14:34:17 | INFO     | DF | Initializing model `deepfilternet2`
2024-01-22 14:34:18 | INFO     | DF | Found checkpoint ./DeepFilterNet2/checkpoints/model_96.ckpt.best with epoch 96
2024-01-22 14:34:18 | INFO     | DF | Running on device cuda:0
2024-01-22 14:34:18 | INFO     | DF | Model loaded
2024-01-22 14:34:42 | INFO     | DF | Running on torch 1.13.0+cu117
2024-01-22 14:34:42 | INFO     | DF | Running on host jyd01-Super-Server
2024-01-22 14:34:42 | INFO     | DF | Loading model settings of DeepFilterNet2
2024-01-22 14:34:42 | INFO     | DF | Initializing model `deepfilternet2`
2024-01-22 14:34:44 | INFO     | DF | Found checkpoint ./DeepFilterNet2/checkpoints/model_96.ckpt.best with epoch 96
2024-01-22 14:34:44 | INFO     | DF | Running on device cuda:0
2024-01-22 14:34:44 | INFO     | DF | Model loaded
2024-01-22 14:40:07 | INFO     | DF | Running on torch 1.13.0+cu117
2024-01-22 14:40:07 | INFO     | DF | Running on host jyd01-Super-Server
2024-01-22 14:40:07 | INFO     | DF | Loading model settings of DeepFilterNet2
2024-01-22 14:40:07 | INFO     | DF | Initializing model `deepfilternet2`
2024-01-22 14:40:10 | INFO     | DF | Found checkpoint ./DeepFilterNet2/checkpoints/model_96.ckpt.best with epoch 96
2024-01-22 14:40:10 | INFO     | DF | Running on device cuda:0
2024-01-22 14:40:10 | INFO     | DF | Model loaded
2024-01-22 14:40:48 | INFO     | DF | Running on torch 1.13.0+cu117
2024-01-22 14:40:48 | INFO     | DF | Running on host jyd01-Super-Server
2024-01-22 14:40:48 | INFO     | DF | Loading model settings of DeepFilterNet2
2024-01-22 14:40:48 | INFO     | DF | Initializing model `deepfilternet2`
2024-01-22 14:40:50 | INFO     | DF | Found checkpoint ./DeepFilterNet2/checkpoints/model_96.ckpt.best with epoch 96
2024-01-22 14:40:50 | INFO     | DF | Running on device cuda:0
2024-01-22 14:40:50 | INFO     | DF | Model loaded
2024-01-22 14:42:28 | INFO     | DF | Running on torch 1.13.0+cu117
2024-01-22 14:42:28 | INFO     | DF | Running on host jyd01-Super-Server
2024-01-22 14:42:28 | INFO     | DF | Loading model settings of DeepFilterNet2
2024-01-22 14:42:28 | INFO     | DF | Initializing model `deepfilternet2`
2024-01-22 14:42:30 | INFO     | DF | Found checkpoint ./DeepFilterNet2/checkpoints/model_96.ckpt.best with epoch 96
2024-01-22 14:42:30 | INFO     | DF | Running on device cuda:0
2024-01-22 14:42:30 | INFO     | DF | Model loaded
2024-01-22 14:44:58 | INFO     | DF | Running on torch 1.13.0+cu117
2024-01-22 14:44:58 | INFO     | DF | Running on host jyd01-Super-Server
2024-01-22 14:44:58 | INFO     | DF | Loading model settings of DeepFilterNet2
2024-01-22 14:44:58 | INFO     | DF | Initializing model `deepfilternet2`
2024-01-22 14:45:00 | INFO     | DF | Found checkpoint ./DeepFilterNet2/checkpoints/model_96.ckpt.best with epoch 96
2024-01-22 14:45:00 | INFO     | DF | Running on device cuda:0
2024-01-22 14:45:00 | INFO     | DF | Model loaded
2024-01-22 14:46:53 | INFO     | DF | Running on torch 1.13.0+cu117
2024-01-22 14:46:53 | INFO     | DF | Running on host jyd01-Super-Server
2024-01-22 14:46:53 | INFO     | DF | Loading model settings of DeepFilterNet2
2024-01-22 14:46:53 | INFO     | DF | Initializing model `deepfilternet2`
2024-01-22 14:46:55 | INFO     | DF | Found checkpoint ./DeepFilterNet2/checkpoints/model_96.ckpt.best with epoch 96
2024-01-22 14:46:55 | INFO     | DF | Running on device cuda:0
2024-01-22 14:46:55 | INFO     | DF | Model loaded
2024-01-22 14:49:27 | INFO     | DF | Running on torch 1.13.0+cu117
2024-01-22 14:49:27 | INFO     | DF | Running on host jyd01-Super-Server
2024-01-22 14:49:27 | INFO     | DF | Loading model settings of DeepFilterNet2
2024-01-22 14:49:27 | INFO     | DF | Initializing model `deepfilternet2`
2024-01-22 14:49:28 | INFO     | DF | Found checkpoint ./DeepFilterNet2/checkpoints/model_96.ckpt.best with epoch 96
2024-01-22 14:49:28 | INFO     | DF | Running on device cuda:0
2024-01-22 14:49:28 | INFO     | DF | Model loaded
2024-01-22 14:50:45 | INFO     | DF | Running on torch 1.13.0+cu117
2024-01-22 14:50:45 | INFO     | DF | Running on host jyd01-Super-Server
2024-01-22 14:50:45 | INFO     | DF | Loading model settings of DeepFilterNet2
2024-01-22 14:50:45 | INFO     | DF | Initializing model `deepfilternet2`
2024-01-22 14:50:46 | INFO     | DF | Found checkpoint ./DeepFilterNet2/checkpoints/model_96.ckpt.best with epoch 96
2024-01-22 14:50:46 | INFO     | DF | Running on device cuda:0
2024-01-22 14:50:46 | INFO     | DF | Model loaded
2024-01-22 14:53:19 | INFO     | DF | Running on torch 1.13.0+cu117
2024-01-22 14:53:19 | INFO     | DF | Running on host jyd01-Super-Server
2024-01-22 14:53:19 | INFO     | DF | Loading model settings of DeepFilterNet2
2024-01-22 14:53:19 | INFO     | DF | Initializing model `deepfilternet2`
2024-01-22 14:53:20 | INFO     | DF | Found checkpoint ./DeepFilterNet2/checkpoints/model_96.ckpt.best with epoch 96
2024-01-22 14:53:20 | INFO     | DF | Running on device cuda:0
2024-01-22 14:53:20 | INFO     | DF | Model loaded
2024-01-22 14:54:38 | INFO     | DF | Running on torch 1.13.0+cu117
2024-01-22 14:54:38 | INFO     | DF | Running on host jyd01-Super-Server
2024-01-22 14:54:38 | INFO     | DF | Loading model settings of DeepFilterNet2
2024-01-22 14:54:38 | INFO     | DF | Initializing model `deepfilternet2`
2024-01-22 14:54:39 | INFO     | DF | Found checkpoint ./DeepFilterNet2/checkpoints/model_96.ckpt.best with epoch 96
2024-01-22 14:54:39 | INFO     | DF | Running on device cuda:0
2024-01-22 14:54:39 | INFO     | DF | Model loaded
2024-01-22 15:00:24 | INFO     | DF | Running on torch 1.13.0+cu117
2024-01-22 15:00:24 | INFO     | DF | Running on host jyd01-Super-Server
2024-01-22 15:00:24 | INFO     | DF | Loading model settings of DeepFilterNet2
2024-01-22 15:00:24 | INFO     | DF | Initializing model `deepfilternet2`
2024-01-22 15:00:25 | INFO     | DF | Found checkpoint ./DeepFilterNet2/checkpoints/model_96.ckpt.best with epoch 96
2024-01-22 15:00:25 | INFO     | DF | Running on device cuda:0
2024-01-22 15:00:25 | INFO     | DF | Model loaded
2024-01-22 15:10:25 | INFO     | DF | Running on torch 1.13.0+cu117
2024-01-22 15:10:25 | INFO     | DF | Running on host jyd01-Super-Server
2024-01-22 15:10:25 | INFO     | DF | Loading model settings of DeepFilterNet2
2024-01-22 15:10:25 | INFO     | DF | Initializing model `deepfilternet2`
2024-01-22 15:10:26 | INFO     | DF | Found checkpoint ./DeepFilterNet2/checkpoints/model_96.ckpt.best with epoch 96
2024-01-22 15:10:26 | INFO     | DF | Running on device cuda:0
2024-01-22 15:10:26 | INFO     | DF | Model loaded
2024-01-24 15:15:36 | INFO     | DF | Running on torch 1.13.0+cu117
2024-01-24 15:15:36 | INFO     | DF | Running on host jyd01-Super-Server
2024-01-24 15:15:36 | INFO     | DF | Loading model settings of DeepFilterNet2
2024-01-24 15:15:36 | INFO     | DF | Initializing model `deepfilternet2`
2024-01-24 15:15:38 | INFO     | DF | Found checkpoint ./DeepFilterNet2/checkpoints/model_96.ckpt.best with epoch 96
2024-01-24 15:15:38 | INFO     | DF | Running on device cuda:0
2024-01-24 15:15:38 | INFO     | DF | Model loaded
2024-01-24 15:46:06 | INFO     | DF | Running on torch 2.1.2+cu121
2024-01-24 15:46:06 | INFO     | DF | Running on host root
2024-01-24 15:46:06 | INFO     | DF | Loading model settings of DeepFilterNet2
2024-01-24 15:46:06 | INFO     | DF | Initializing model `deepfilternet2`
2024-01-24 15:46:06 | INFO     | DF | Found checkpoint ./DeepFilterNet2/checkpoints/model_96.ckpt.best with epoch 96
2024-01-24 15:46:06 | INFO     | DF | Running on device cuda:0
2024-01-24 15:46:06 | INFO     | DF | Model loaded
2024-01-24 15:47:17 | INFO     | DF | Running on torch 2.1.2+cu121
2024-01-24 15:47:17 | INFO     | DF | Running on host root
2024-01-24 15:47:17 | INFO     | DF | Loading model settings of DeepFilterNet2
2024-01-24 15:47:17 | INFO     | DF | Initializing model `deepfilternet2`
2024-01-24 15:47:18 | INFO     | DF | Found checkpoint ./DeepFilterNet2/checkpoints/model_96.ckpt.best with epoch 96
2024-01-24 15:47:18 | INFO     | DF | Running on device cuda:0
2024-01-24 15:47:18 | INFO     | DF | Model loaded
2024-01-24 15:48:39 | INFO     | DF | Running on torch 2.1.2+cu121
2024-01-24 15:48:39 | INFO     | DF | Running on host root
2024-01-24 15:48:39 | INFO     | DF | Loading model settings of DeepFilterNet2
2024-01-24 15:48:39 | INFO     | DF | Initializing model `deepfilternet2`
2024-01-24 15:48:39 | INFO     | DF | Found checkpoint ./DeepFilterNet2/checkpoints/model_96.ckpt.best with epoch 96
2024-01-24 15:48:39 | INFO     | DF | Running on device cuda:0
2024-01-24 15:48:39 | INFO     | DF | Model loaded
2024-01-24 16:02:25 | INFO     | DF | Running on torch 2.1.2+cu121
2024-01-24 16:02:25 | INFO     | DF | Running on host root
2024-01-24 16:02:25 | INFO     | DF | Loading model settings of DeepFilterNet2
2024-01-24 16:02:25 | INFO     | DF | Initializing model `deepfilternet2`
2024-01-24 16:02:25 | INFO     | DF | Found checkpoint ./DeepFilterNet2/checkpoints/model_96.ckpt.best with epoch 96
2024-01-24 16:02:25 | INFO     | DF | Running on device cuda:0
2024-01-24 16:02:25 | INFO     | DF | Model loaded
2024-01-24 16:08:08 | INFO     | DF | Running on torch 2.1.2+cu121
2024-01-24 16:08:08 | INFO     | DF | Running on host root
2024-01-24 16:08:08 | INFO     | DF | Loading model settings of DeepFilterNet2
2024-01-24 16:08:08 | INFO     | DF | Initializing model `deepfilternet2`
2024-01-24 16:08:08 | INFO     | DF | Found checkpoint ./DeepFilterNet2/checkpoints/model_96.ckpt.best with epoch 96
2024-01-24 16:08:08 | INFO     | DF | Running on device cuda:0
2024-01-24 16:08:08 | INFO     | DF | Model loaded
2024-01-24 16:10:49 | INFO     | DF | Running on torch 2.1.2+cu121
2024-01-24 16:10:49 | INFO     | DF | Running on host root
2024-01-24 16:10:49 | INFO     | DF | Loading model settings of DeepFilterNet2
2024-01-24 16:10:49 | INFO     | DF | Initializing model `deepfilternet2`
2024-01-24 16:10:49 | INFO     | DF | Found checkpoint ./DeepFilterNet2/checkpoints/model_96.ckpt.best with epoch 96
2024-01-24 16:10:49 | INFO     | DF | Running on device cuda:0
2024-01-24 16:10:49 | INFO     | DF | Model loaded
2024-01-24 16:13:19 | INFO     | DF | Running on torch 2.1.2+cu121
2024-01-24 16:13:19 | INFO     | DF | Running on host root
2024-01-24 16:13:19 | INFO     | DF | Loading model settings of DeepFilterNet2
2024-01-24 16:13:19 | INFO     | DF | Initializing model `deepfilternet2`
2024-01-24 16:13:19 | INFO     | DF | Found checkpoint ./DeepFilterNet2/checkpoints/model_96.ckpt.best with epoch 96
2024-01-24 16:13:19 | INFO     | DF | Running on device cuda:0
2024-01-24 16:13:19 | INFO     | DF | Model loaded
2024-01-24 16:18:37 | INFO     | DF | Running on torch 2.1.2+cu121
2024-01-24 16:18:37 | INFO     | DF | Running on host root
2024-01-24 16:18:37 | INFO     | DF | Loading model settings of DeepFilterNet2
2024-01-24 16:18:37 | INFO     | DF | Initializing model `deepfilternet2`
2024-01-24 16:18:37 | INFO     | DF | Found checkpoint ./DeepFilterNet2/checkpoints/model_96.ckpt.best with epoch 96
2024-01-24 16:18:37 | INFO     | DF | Running on device cuda:0
2024-01-24 16:18:37 | INFO     | DF | Model loaded
2024-01-24 16:23:57 | INFO     | DF | Running on torch 2.1.2+cu121
2024-01-24 16:23:57 | INFO     | DF | Running on host root
2024-01-24 16:23:57 | INFO     | DF | Loading model settings of DeepFilterNet2
2024-01-24 16:23:57 | INFO     | DF | Initializing model `deepfilternet2`
2024-01-24 16:23:57 | INFO     | DF | Found checkpoint ./DeepFilterNet2/checkpoints/model_96.ckpt.best with epoch 96
2024-01-24 16:23:57 | INFO     | DF | Running on device cuda:0
2024-01-24 16:23:57 | INFO     | DF | Model loaded
2024-01-24 16:34:08 | INFO     | DF | Running on torch 2.1.2+cu121
2024-01-24 16:34:08 | INFO     | DF | Running on host root
2024-01-24 16:34:08 | INFO     | DF | Loading model settings of DeepFilterNet2
2024-01-24 16:34:08 | INFO     | DF | Initializing model `deepfilternet2`
2024-01-24 16:34:08 | INFO     | DF | Found checkpoint ./DeepFilterNet2/checkpoints/model_96.ckpt.best with epoch 96
2024-01-24 16:34:08 | INFO     | DF | Running on device cuda:0
2024-01-24 16:34:08 | INFO     | DF | Model loaded
2024-01-24 16:38:57 | INFO     | DF | Running on torch 2.1.2+cu121
2024-01-24 16:38:57 | INFO     | DF | Running on host root
2024-01-24 16:38:57 | INFO     | DF | Loading model settings of DeepFilterNet2
2024-01-24 16:38:57 | INFO     | DF | Initializing model `deepfilternet2`
2024-01-24 16:38:57 | INFO     | DF | Found checkpoint ./DeepFilterNet2/checkpoints/model_96.ckpt.best with epoch 96
2024-01-24 16:38:57 | INFO     | DF | Running on device cuda:0
2024-01-24 16:38:57 | INFO     | DF | Model loaded
2024-01-24 16:42:19 | INFO     | DF | Running on torch 2.1.2+cu121
2024-01-24 16:42:19 | INFO     | DF | Running on host root
2024-01-24 16:42:19 | INFO     | DF | Loading model settings of DeepFilterNet2
2024-01-24 16:42:19 | INFO     | DF | Initializing model `deepfilternet2`
2024-01-24 16:42:19 | INFO     | DF | Found checkpoint ./DeepFilterNet2/checkpoints/model_96.ckpt.best with epoch 96
2024-01-24 16:42:19 | INFO     | DF | Running on device cuda:0
2024-01-24 16:42:19 | INFO     | DF | Model loaded
2024-01-24 16:43:05 | INFO     | DF | Running on torch 2.1.2+cu121
2024-01-24 16:43:05 | INFO     | DF | Running on host root
2024-01-24 16:43:05 | INFO     | DF | Loading model settings of DeepFilterNet2
2024-01-24 16:43:05 | INFO     | DF | Initializing model `deepfilternet2`
2024-01-24 16:43:05 | INFO     | DF | Found checkpoint ./DeepFilterNet2/checkpoints/model_96.ckpt.best with epoch 96
2024-01-24 16:43:05 | INFO     | DF | Running on device cuda:0
2024-01-24 16:43:05 | INFO     | DF | Model loaded
2024-01-24 16:46:07 | INFO     | DF | Running on torch 2.1.2+cu121
2024-01-24 16:46:07 | INFO     | DF | Running on host root
2024-01-24 16:46:07 | INFO     | DF | Loading model settings of DeepFilterNet2
2024-01-24 16:46:07 | INFO     | DF | Initializing model `deepfilternet2`
2024-01-24 16:46:07 | INFO     | DF | Found checkpoint ./DeepFilterNet2/checkpoints/model_96.ckpt.best with epoch 96
2024-01-24 16:46:07 | INFO     | DF | Running on device cuda:0
2024-01-24 16:46:07 | INFO     | DF | Model loaded
2024-01-24 16:47:18 | INFO     | DF | Running on torch 2.1.2+cu121
2024-01-24 16:47:18 | INFO     | DF | Running on host root
2024-01-24 16:47:18 | INFO     | DF | Loading model settings of DeepFilterNet2
2024-01-24 16:47:18 | INFO     | DF | Initializing model `deepfilternet2`
2024-01-24 16:47:18 | INFO     | DF | Found checkpoint ./DeepFilterNet2/checkpoints/model_96.ckpt.best with epoch 96
2024-01-24 16:47:18 | INFO     | DF | Running on device cuda:0
2024-01-24 16:47:18 | INFO     | DF | Model loaded
2024-01-24 16:50:03 | INFO     | DF | Running on torch 2.1.2+cu121
2024-01-24 16:50:03 | INFO     | DF | Running on host root
2024-01-24 16:50:03 | INFO     | DF | Loading model settings of DeepFilterNet2
2024-01-24 16:50:03 | INFO     | DF | Initializing model `deepfilternet2`
2024-01-24 16:50:03 | INFO     | DF | Found checkpoint ./DeepFilterNet2/checkpoints/model_96.ckpt.best with epoch 96
2024-01-24 16:50:03 | INFO     | DF | Running on device cuda:0
2024-01-24 16:50:03 | INFO     | DF | Model loaded
2024-01-24 16:51:22 | INFO     | DF | Running on torch 2.1.2+cu121
2024-01-24 16:51:22 | INFO     | DF | Running on host root
2024-01-24 16:51:22 | INFO     | DF | Loading model settings of DeepFilterNet2
2024-01-24 16:51:22 | INFO     | DF | Initializing model `deepfilternet2`
2024-01-24 16:51:22 | INFO     | DF | Found checkpoint ./DeepFilterNet2/checkpoints/model_96.ckpt.best with epoch 96
2024-01-24 16:51:22 | INFO     | DF | Running on device cuda:0
2024-01-24 16:51:22 | INFO     | DF | Model loaded
2024-01-24 16:54:55 | INFO     | DF | Running on torch 2.1.2+cu121
2024-01-24 16:54:55 | INFO     | DF | Running on host root
2024-01-24 16:54:55 | INFO     | DF | Loading model settings of DeepFilterNet2
2024-01-24 16:54:55 | INFO     | DF | Initializing model `deepfilternet2`
2024-01-24 16:54:56 | INFO     | DF | Found checkpoint ./DeepFilterNet2/checkpoints/model_96.ckpt.best with epoch 96
2024-01-24 16:54:56 | INFO     | DF | Running on device cuda:0
2024-01-24 16:54:56 | INFO     | DF | Model loaded
2024-01-24 16:57:50 | INFO     | DF | Running on torch 2.1.2+cu121
2024-01-24 16:57:50 | INFO     | DF | Running on host root
2024-01-24 16:57:50 | INFO     | DF | Loading model settings of DeepFilterNet2
2024-01-24 16:57:50 | INFO     | DF | Initializing model `deepfilternet2`
2024-01-24 16:57:50 | INFO     | DF | Found checkpoint ./DeepFilterNet2/checkpoints/model_96.ckpt.best with epoch 96
2024-01-24 16:57:50 | INFO     | DF | Running on device cuda:0
2024-01-24 16:57:50 | INFO     | DF | Model loaded
2024-01-24 16:58:34 | INFO     | DF | Running on torch 2.1.2+cu121
2024-01-24 16:58:34 | INFO     | DF | Running on host root
2024-01-24 16:58:34 | INFO     | DF | Loading model settings of DeepFilterNet2
2024-01-24 16:58:34 | INFO     | DF | Initializing model `deepfilternet2`
2024-01-24 16:58:34 | INFO     | DF | Found checkpoint ./DeepFilterNet2/checkpoints/model_96.ckpt.best with epoch 96
2024-01-24 16:58:34 | INFO     | DF | Running on device cuda:0
2024-01-24 16:58:34 | INFO     | DF | Model loaded
2024-01-24 16:59:19 | INFO     | DF | Running on torch 2.1.2+cu121
2024-01-24 16:59:19 | INFO     | DF | Running on host root
2024-01-24 16:59:19 | INFO     | DF | Loading model settings of DeepFilterNet2
2024-01-24 16:59:19 | INFO     | DF | Initializing model `deepfilternet2`
2024-01-24 16:59:20 | INFO     | DF | Found checkpoint ./DeepFilterNet2/checkpoints/model_96.ckpt.best with epoch 96
2024-01-24 16:59:20 | INFO     | DF | Running on device cuda:0
2024-01-24 16:59:20 | INFO     | DF | Model loaded
2024-01-24 17:00:41 | INFO     | DF | Running on torch 2.1.2+cu121
2024-01-24 17:00:41 | INFO     | DF | Running on host root
2024-01-24 17:00:41 | INFO     | DF | Loading model settings of DeepFilterNet2
2024-01-24 17:00:41 | INFO     | DF | Initializing model `deepfilternet2`
2024-01-24 17:00:41 | INFO     | DF | Found checkpoint ./DeepFilterNet2/checkpoints/model_96.ckpt.best with epoch 96
2024-01-24 17:00:41 | INFO     | DF | Running on device cuda:0
2024-01-24 17:00:41 | INFO     | DF | Model loaded
2024-01-24 17:02:44 | INFO     | DF | Running on torch 2.1.2+cu121
2024-01-24 17:02:44 | INFO     | DF | Running on host root
2024-01-24 17:02:44 | INFO     | DF | Loading model settings of DeepFilterNet2
2024-01-24 17:02:44 | INFO     | DF | Initializing model `deepfilternet2`
2024-01-24 17:02:44 | INFO     | DF | Found checkpoint ./DeepFilterNet2/checkpoints/model_96.ckpt.best with epoch 96
2024-01-24 17:02:44 | INFO     | DF | Running on device cuda:0
2024-01-24 17:02:44 | INFO     | DF | Model loaded
2024-01-24 17:05:35 | INFO     | DF | Running on torch 2.1.2+cu121
2024-01-24 17:05:35 | INFO     | DF | Running on host root
2024-01-24 17:05:35 | INFO     | DF | Loading model settings of DeepFilterNet2
2024-01-24 17:05:35 | INFO     | DF | Initializing model `deepfilternet2`
2024-01-24 17:05:35 | INFO     | DF | Found checkpoint ./DeepFilterNet2/checkpoints/model_96.ckpt.best with epoch 96
2024-01-24 17:05:35 | INFO     | DF | Running on device cuda:0
2024-01-24 17:05:35 | INFO     | DF | Model loaded
2024-01-24 17:07:34 | INFO     | DF | Running on torch 2.1.2+cu121
2024-01-24 17:07:34 | INFO     | DF | Running on host root
2024-01-24 17:07:34 | INFO     | DF | Loading model settings of DeepFilterNet2
2024-01-24 17:07:34 | INFO     | DF | Initializing model `deepfilternet2`
2024-01-24 17:07:34 | INFO     | DF | Found checkpoint ./DeepFilterNet2/checkpoints/model_96.ckpt.best with epoch 96
2024-01-24 17:07:34 | INFO     | DF | Running on device cuda:0
2024-01-24 17:07:34 | INFO     | DF | Model loaded
2024-01-24 17:08:01 | INFO     | DF | Running on torch 2.1.2+cu121
2024-01-24 17:08:01 | INFO     | DF | Running on host root
2024-01-24 17:08:01 | INFO     | DF | Loading model settings of DeepFilterNet2
2024-01-24 17:08:01 | INFO     | DF | Initializing model `deepfilternet2`
2024-01-24 17:08:01 | INFO     | DF | Found checkpoint ./DeepFilterNet2/checkpoints/model_96.ckpt.best with epoch 96
2024-01-24 17:08:01 | INFO     | DF | Running on device cuda:0
2024-01-24 17:08:01 | INFO     | DF | Model loaded
2024-01-24 17:12:31 | INFO     | DF | Running on torch 2.1.2+cu121
2024-01-24 17:12:31 | INFO     | DF | Running on host root
2024-01-24 17:12:31 | INFO     | DF | Loading model settings of DeepFilterNet2
2024-01-24 17:12:31 | INFO     | DF | Initializing model `deepfilternet2`
2024-01-24 17:12:31 | INFO     | DF | Found checkpoint ./DeepFilterNet2/checkpoints/model_96.ckpt.best with epoch 96
2024-01-24 17:12:32 | INFO     | DF | Running on device cuda:0
2024-01-24 17:12:32 | INFO     | DF | Model loaded
2024-01-24 17:22:36 | INFO     | DF | Running on torch 2.1.2+cu121
2024-01-24 17:22:36 | INFO     | DF | Running on host root
2024-01-24 17:22:36 | INFO     | DF | Loading model settings of DeepFilterNet2
2024-01-24 17:22:36 | INFO     | DF | Initializing model `deepfilternet2`
2024-01-24 17:22:36 | INFO     | DF | Found checkpoint ./DeepFilterNet2/checkpoints/model_96.ckpt.best with epoch 96
2024-01-24 17:22:36 | INFO     | DF | Running on device cuda:0
2024-01-24 17:22:36 | INFO     | DF | Model loaded
2024-01-24 17:23:30 | INFO     | DF | Running on torch 2.1.2+cu121
2024-01-24 17:23:30 | INFO     | DF | Running on host root
2024-01-24 17:23:30 | INFO     | DF | Loading model settings of DeepFilterNet2
2024-01-24 17:23:30 | INFO     | DF | Initializing model `deepfilternet2`
2024-01-24 17:23:31 | INFO     | DF | Found checkpoint ./DeepFilterNet2/checkpoints/model_96.ckpt.best with epoch 96
2024-01-24 17:23:31 | INFO     | DF | Running on device cuda:0
2024-01-24 17:23:31 | INFO     | DF | Model loaded
2024-01-24 17:24:55 | INFO     | DF | Running on torch 2.1.2+cu121
2024-01-24 17:24:55 | INFO     | DF | Running on host root
2024-01-24 17:24:55 | INFO     | DF | Loading model settings of DeepFilterNet2
2024-01-24 17:24:55 | INFO     | DF | Initializing model `deepfilternet2`
2024-01-24 17:24:55 | INFO     | DF | Found checkpoint ./DeepFilterNet2/checkpoints/model_96.ckpt.best with epoch 96
2024-01-24 17:24:55 | INFO     | DF | Running on device cuda:0
2024-01-24 17:24:55 | INFO     | DF | Model loaded
2024-01-24 17:26:27 | INFO     | DF | Running on torch 2.1.2+cu121
2024-01-24 17:26:27 | INFO     | DF | Running on host root
2024-01-24 17:26:27 | INFO     | DF | Loading model settings of DeepFilterNet2
2024-01-24 17:26:27 | INFO     | DF | Initializing model `deepfilternet2`
2024-01-24 17:26:27 | INFO     | DF | Found checkpoint ./DeepFilterNet2/checkpoints/model_96.ckpt.best with epoch 96
2024-01-24 17:26:27 | INFO     | DF | Running on device cuda:0
2024-01-24 17:26:27 | INFO     | DF | Model loaded
2024-01-26 11:52:02 | INFO     | DF | Running on torch 2.1.2+cu121
2024-01-26 11:52:02 | INFO     | DF | Running on host root
2024-01-26 11:52:02 | INFO     | DF | Loading model settings of DeepFilterNet2
2024-01-26 11:52:02 | INFO     | DF | Initializing model `deepfilternet2`
2024-01-26 11:52:02 | INFO     | DF | Found checkpoint ./DeepFilterNet2/checkpoints/model_96.ckpt.best with epoch 96
2024-01-26 11:52:02 | INFO     | DF | Running on device cuda:0
2024-01-26 11:52:02 | INFO     | DF | Model loaded
2024-01-26 11:52:47 | INFO     | DF | Running on torch 2.1.2+cu121
2024-01-26 11:52:47 | INFO     | DF | Running on host root
2024-01-26 11:52:47 | INFO     | DF | Loading model settings of DeepFilterNet2
2024-01-26 11:52:47 | INFO     | DF | Initializing model `deepfilternet2`
2024-01-26 11:52:47 | INFO     | DF | Found checkpoint ./DeepFilterNet2/checkpoints/model_96.ckpt.best with epoch 96
2024-01-26 11:52:47 | INFO     | DF | Running on device cuda:0
2024-01-26 11:52:47 | INFO     | DF | Model loaded
2024-01-26 11:54:03 | INFO     | DF | Running on torch 2.1.2+cu121
2024-01-26 11:54:03 | INFO     | DF | Running on host root
2024-01-26 11:54:03 | INFO     | DF | Loading model settings of DeepFilterNet2
2024-01-26 11:54:03 | INFO     | DF | Initializing model `deepfilternet2`
2024-01-26 11:54:03 | INFO     | DF | Found checkpoint ./DeepFilterNet2/checkpoints/model_96.ckpt.best with epoch 96
2024-01-26 11:54:03 | INFO     | DF | Running on device cuda:0
2024-01-26 11:54:03 | INFO     | DF | Model loaded
2024-01-29 11:20:08 | INFO     | DF | Running on torch 2.1.2+cu121
2024-01-29 11:20:08 | INFO     | DF | Running on host root
2024-01-29 11:20:08 | INFO     | DF | Loading model settings of DeepFilterNet2
2024-01-29 11:20:08 | INFO     | DF | Initializing model `deepfilternet2`
2024-01-29 11:20:08 | INFO     | DF | Found checkpoint ./DeepFilterNet2/checkpoints/model_96.ckpt.best with epoch 96
2024-01-29 11:20:08 | INFO     | DF | Running on device cuda:0
2024-01-29 11:20:08 | INFO     | DF | Model loaded
2024-01-29 14:48:13 | INFO     | DF | Running on torch 2.1.2+cu121
2024-01-29 14:48:13 | INFO     | DF | Running on host root
2024-01-29 14:48:13 | INFO     | DF | Loading model settings of DeepFilterNet2
2024-01-29 14:48:13 | INFO     | DF | Initializing model `deepfilternet2`
2024-01-29 14:48:13 | INFO     | DF | Found checkpoint ./DeepFilterNet2/checkpoints/model_96.ckpt.best with epoch 96
2024-01-29 14:48:13 | INFO     | DF | Running on device cuda:0
2024-01-29 14:48:13 | INFO     | DF | Model loaded
2024-01-31 11:49:20 | INFO     | DF | Running on torch 2.1.2+cu121
2024-01-31 11:49:20 | INFO     | DF | Running on host root
2024-01-31 11:49:20 | INFO     | DF | Loading model settings of DeepFilterNet2
2024-01-31 11:49:20 | INFO     | DF | Initializing model `deepfilternet2`
2024-01-31 11:49:36 | INFO     | DF | Running on torch 2.1.2+cu121
2024-01-31 11:49:36 | INFO     | DF | Running on host root
2024-01-31 11:49:36 | INFO     | DF | Loading model settings of DeepFilterNet2
2024-01-31 11:49:36 | INFO     | DF | Initializing model `deepfilternet2`
2024-01-31 11:49:36 | INFO     | DF | Found checkpoint ./DeepFilterNet2/checkpoints/model_96.ckpt.best with epoch 96
2024-01-31 11:49:36 | INFO     | DF | Running on device cuda:0
2024-01-31 11:49:36 | INFO     | DF | Model loaded
2024-01-31 13:54:18 | INFO     | DF | Running on torch 2.1.2+cu121
2024-01-31 13:54:18 | INFO     | DF | Running on host root
2024-01-31 13:54:18 | INFO     | DF | Loading model settings of DeepFilterNet2
2024-01-31 13:54:18 | INFO     | DF | Initializing model `deepfilternet2`
2024-01-31 13:54:18 | INFO     | DF | Found checkpoint ./DeepFilterNet2/checkpoints/model_96.ckpt.best with epoch 96
2024-01-31 13:54:18 | INFO     | DF | Running on device cuda:0
2024-01-31 13:54:18 | INFO     | DF | Model loaded
2024-01-31 14:01:18 | INFO     | DF | Running on torch 2.1.2+cu121
2024-01-31 14:01:18 | INFO     | DF | Running on host root
2024-01-31 14:01:18 | INFO     | DF | Loading model settings of DeepFilterNet2
2024-01-31 14:01:18 | INFO     | DF | Initializing model `deepfilternet2`
2024-01-31 14:01:18 | INFO     | DF | Found checkpoint ./DeepFilterNet2/checkpoints/model_96.ckpt.best with epoch 96
2024-01-31 14:01:18 | INFO     | DF | Running on device cuda:0
2024-01-31 14:01:18 | INFO     | DF | Model loaded
2024-02-21 10:23:25 | INFO     | DF | Running on torch 2.1.2+cu121
2024-02-21 10:23:25 | INFO     | DF | Running on host root
2024-02-21 10:23:25 | INFO     | DF | Loading model settings of DeepFilterNet2
2024-02-21 10:23:25 | INFO     | DF | Initializing model `deepfilternet2`
2024-02-21 10:23:25 | INFO     | DF | Found checkpoint ./DeepFilterNet2/checkpoints/model_96.ckpt.best with epoch 96
2024-02-21 10:23:25 | INFO     | DF | Running on device cuda:0
2024-02-21 10:23:25 | INFO     | DF | Model loaded
2024-02-21 10:28:13 | INFO     | DF | Running on torch 2.1.2+cu121
2024-02-21 10:28:13 | INFO     | DF | Running on host root
2024-02-21 10:28:13 | INFO     | DF | Loading model settings of DeepFilterNet2
2024-02-21 10:28:13 | INFO     | DF | Initializing model `deepfilternet2`
2024-02-21 10:28:13 | INFO     | DF | Found checkpoint ./DeepFilterNet2/checkpoints/model_96.ckpt.best with epoch 96
2024-02-21 10:28:13 | INFO     | DF | Running on device cuda:0
2024-02-21 10:28:13 | INFO     | DF | Model loaded
2024-03-18 15:21:53 | INFO     | DF | Running on torch 2.1.2
2024-03-18 15:21:53 | INFO     | DF | Running on host jyd01-Super-Server
2024-03-18 15:21:53 | INFO     | DF | Loading model settings of DeepFilterNet2
2024-03-18 15:21:53 | INFO     | DF | Initializing model `deepfilternet2`
2024-03-18 15:21:53 | INFO     | DF | Found checkpoint ./DeepFilterNet2/checkpoints/model_96.ckpt.best with epoch 96
2024-03-18 15:21:53 | INFO     | DF | Running on device cuda:0
2024-03-18 15:21:53 | INFO     | DF | Model loaded
2024-03-18 15:22:26 | INFO     | DF | Running on torch 2.1.2
2024-03-18 15:22:26 | INFO     | DF | Running on host jyd01-Super-Server
2024-03-18 15:22:26 | INFO     | DF | Loading model settings of DeepFilterNet2
2024-03-18 15:22:26 | INFO     | DF | Initializing model `deepfilternet2`
2024-03-18 15:22:26 | INFO     | DF | Found checkpoint ./DeepFilterNet2/checkpoints/model_96.ckpt.best with epoch 96
2024-03-18 15:22:26 | INFO     | DF | Running on device cuda:0
2024-03-18 15:22:26 | INFO     | DF | Model loaded
2024-03-18 15:24:13 | INFO     | DF | Running on torch 2.1.2
2024-03-18 15:24:13 | INFO     | DF | Running on host jyd01-Super-Server
2024-03-18 15:24:13 | INFO     | DF | Loading model settings of DeepFilterNet2
2024-03-18 15:24:13 | INFO     | DF | Initializing model `deepfilternet2`
2024-03-18 15:24:14 | INFO     | DF | Found checkpoint ./DeepFilterNet2/checkpoints/model_96.ckpt.best with epoch 96
2024-03-18 15:24:14 | INFO     | DF | Running on device cuda:0
2024-03-18 15:24:14 | INFO     | DF | Model loaded
2024-03-18 15:40:03 | INFO     | DF | Running on torch 2.1.2
2024-03-18 15:40:03 | INFO     | DF | Running on host jyd01-Super-Server
2024-03-18 15:40:03 | INFO     | DF | Loading model settings of DeepFilterNet2
2024-03-18 15:40:03 | INFO     | DF | Initializing model `deepfilternet2`
2024-03-18 15:40:04 | INFO     | DF | Found checkpoint ./DeepFilterNet2/checkpoints/model_96.ckpt.best with epoch 96
2024-03-18 15:40:04 | INFO     | DF | Running on device cuda:0
2024-03-18 15:40:04 | INFO     | DF | Model loaded
2024-03-18 15:41:13 | INFO     | DF | Running on torch 2.1.2
2024-03-18 15:41:13 | INFO     | DF | Running on host jyd01-Super-Server
2024-03-18 15:41:13 | INFO     | DF | Loading model settings of DeepFilterNet2
2024-03-18 15:41:13 | INFO     | DF | Initializing model `deepfilternet2`
2024-03-18 15:41:14 | INFO     | DF | Found checkpoint ./DeepFilterNet2/checkpoints/model_96.ckpt.best with epoch 96
2024-03-18 15:41:14 | INFO     | DF | Running on device cuda:0
2024-03-18 15:41:14 | INFO     | DF | Model loaded
2024-03-18 15:41:54 | INFO     | DF | Running on torch 2.1.2
2024-03-18 15:41:54 | INFO     | DF | Running on host jyd01-Super-Server
2024-03-18 15:41:54 | INFO     | DF | Loading model settings of DeepFilterNet2
2024-03-18 15:41:54 | INFO     | DF | Initializing model `deepfilternet2`
2024-03-18 15:41:54 | INFO     | DF | Found checkpoint ./DeepFilterNet2/checkpoints/model_96.ckpt.best with epoch 96
2024-03-18 15:41:55 | INFO     | DF | Running on device cuda:0
2024-03-18 15:41:55 | INFO     | DF | Model loaded
2024-03-18 16:59:01 | INFO     | DF | Running on torch 2.1.2
2024-03-18 16:59:01 | INFO     | DF | Running on host jyd01-Super-Server
2024-03-18 16:59:01 | INFO     | DF | Loading model settings of DeepFilterNet2
2024-03-18 16:59:01 | INFO     | DF | Initializing model `deepfilternet2`
2024-03-18 16:59:01 | INFO     | DF | Found checkpoint ./DeepFilterNet2/checkpoints/model_96.ckpt.best with epoch 96
2024-03-18 16:59:01 | INFO     | DF | Running on device cuda:0
2024-03-18 16:59:01 | INFO     | DF | Model loaded
2024-03-18 17:14:51 | INFO     | DF | Running on torch 2.1.2
2024-03-18 17:14:51 | INFO     | DF | Running on host jyd01-Super-Server
2024-03-18 17:14:51 | INFO     | DF | Loading model settings of DeepFilterNet2
2024-03-18 17:14:51 | INFO     | DF | Initializing model `deepfilternet2`
2024-03-18 17:14:52 | INFO     | DF | Found checkpoint ./DeepFilterNet2/checkpoints/model_96.ckpt.best with epoch 96
2024-03-18 17:14:52 | INFO     | DF | Running on device cuda:0
2024-03-18 17:14:52 | INFO     | DF | Model loaded
2024-03-18 17:14:56 | INFO     | DF | Running on torch 2.1.2
2024-03-18 17:14:56 | INFO     | DF | Running on host jyd01-Super-Server
2024-03-18 17:14:56 | INFO     | DF | Loading model settings of DeepFilterNet2
2024-03-18 17:14:56 | INFO     | DF | Initializing model `deepfilternet2`
2024-03-18 17:14:56 | INFO     | DF | Found checkpoint ./DeepFilterNet2/checkpoints/model_96.ckpt.best with epoch 96
2024-03-18 17:14:56 | INFO     | DF | Running on device cuda:0
2024-03-18 17:14:56 | INFO     | DF | Model loaded
2024-03-18 17:16:10 | INFO     | DF | Running on torch 2.1.2
2024-03-18 17:16:10 | INFO     | DF | Running on host jyd01-Super-Server
2024-03-18 17:16:10 | INFO     | DF | Loading model settings of DeepFilterNet2
2024-03-18 17:16:10 | INFO     | DF | Initializing model `deepfilternet2`
2024-03-18 17:16:10 | INFO     | DF | Found checkpoint ./DeepFilterNet2/checkpoints/model_96.ckpt.best with epoch 96
2024-03-18 17:16:10 | INFO     | DF | Running on device cuda:0
2024-03-18 17:16:10 | INFO     | DF | Model loaded
2024-03-18 17:16:14 | INFO     | DF | Running on torch 2.1.2
2024-03-18 17:16:14 | INFO     | DF | Running on host jyd01-Super-Server
2024-03-18 17:16:14 | INFO     | DF | Loading model settings of DeepFilterNet2
2024-03-18 17:16:14 | INFO     | DF | Initializing model `deepfilternet2`
2024-03-18 17:16:14 | INFO     | DF | Found checkpoint ./DeepFilterNet2/checkpoints/model_96.ckpt.best with epoch 96
2024-03-18 17:16:14 | INFO     | DF | Running on device cuda:0
2024-03-18 17:16:14 | INFO     | DF | Model loaded
2024-03-18 17:17:54 | INFO     | DF | Running on torch 2.1.2
2024-03-18 17:17:54 | INFO     | DF | Running on host jyd01-Super-Server
2024-03-18 17:17:54 | INFO     | DF | Loading model settings of DeepFilterNet2
2024-03-18 17:17:54 | INFO     | DF | Initializing model `deepfilternet2`
2024-03-18 17:17:54 | INFO     | DF | Found checkpoint ./DeepFilterNet2/checkpoints/model_96.ckpt.best with epoch 96
2024-03-18 17:17:54 | INFO     | DF | Running on device cuda:0
2024-03-18 17:17:54 | INFO     | DF | Model loaded
2024-03-18 17:48:02 | INFO     | DF | Running on torch 2.1.2
2024-03-18 17:48:02 | INFO     | DF | Running on host jyd01-Super-Server
2024-03-18 17:48:02 | INFO     | DF | Loading model settings of DeepFilterNet2
2024-03-18 17:48:02 | INFO     | DF | Initializing model `deepfilternet2`
2024-03-18 17:48:02 | INFO     | DF | Found checkpoint ./DeepFilterNet2/checkpoints/model_96.ckpt.best with epoch 96
2024-03-18 17:48:02 | INFO     | DF | Running on device cuda:0
2024-03-18 17:48:02 | INFO     | DF | Model loaded
2024-03-18 18:14:37 | INFO     | DF | Running on torch 2.1.2
2024-03-18 18:14:37 | INFO     | DF | Running on host jyd01-Super-Server
2024-03-18 18:14:37 | INFO     | DF | Loading model settings of DeepFilterNet2
2024-03-18 18:14:37 | INFO     | DF | Initializing model `deepfilternet2`
2024-03-18 18:14:38 | INFO     | DF | Found checkpoint ./DeepFilterNet2/checkpoints/model_96.ckpt.best with epoch 96
2024-03-18 18:14:38 | INFO     | DF | Running on device cuda:0
2024-03-18 18:14:38 | INFO     | DF | Model loaded
2024-03-18 19:02:32 | INFO     | DF | Running on torch 2.1.2
2024-03-18 19:02:32 | INFO     | DF | Running on host jyd01-Super-Server
2024-03-18 19:02:32 | INFO     | DF | Loading model settings of DeepFilterNet2
2024-03-18 19:02:32 | INFO     | DF | Initializing model `deepfilternet2`
2024-03-18 19:02:32 | INFO     | DF | Found checkpoint ./DeepFilterNet2/checkpoints/model_96.ckpt.best with epoch 96
2024-03-18 19:02:32 | INFO     | DF | Running on device cuda:0
2024-03-18 19:02:32 | INFO     | DF | Model loaded
2024-03-18 19:04:25 | INFO     | DF | Running on torch 2.1.2
2024-03-18 19:04:25 | INFO     | DF | Running on host jyd01-Super-Server
2024-03-18 19:04:25 | INFO     | DF | Loading model settings of DeepFilterNet2
2024-03-18 19:04:25 | INFO     | DF | Initializing model `deepfilternet2`
2024-03-18 19:04:25 | INFO     | DF | Found checkpoint ./DeepFilterNet2/checkpoints/model_96.ckpt.best with epoch 96
2024-03-18 19:04:25 | INFO     | DF | Running on device cuda:0
2024-03-18 19:04:25 | INFO     | DF | Model loaded
2024-04-03 09:46:15 | INFO     | DF | Running on torch 2.1.2
2024-04-03 09:46:15 | INFO     | DF | Running on host jyd01-Super-Server
2024-04-03 09:46:15 | INFO     | DF | Loading model settings of DeepFilterNet2
2024-04-03 09:46:15 | INFO     | DF | Initializing model `deepfilternet2`
2024-04-03 09:46:15 | INFO     | DF | Found checkpoint ./DeepFilterNet2/checkpoints/model_96.ckpt.best with epoch 96
2024-04-03 09:46:15 | INFO     | DF | Running on device cuda:0
2024-04-03 09:46:15 | INFO     | DF | Model loaded
2024-04-03 09:48:09 | INFO     | DF | Running on torch 2.1.2
2024-04-03 09:48:09 | INFO     | DF | Running on host jyd01-Super-Server
2024-04-03 09:48:10 | INFO     | DF | Loading model settings of DeepFilterNet2
2024-04-03 09:48:10 | INFO     | DF | Initializing model `deepfilternet2`
2024-04-03 09:48:10 | INFO     | DF | Found checkpoint ./DeepFilterNet2/checkpoints/model_96.ckpt.best with epoch 96
2024-04-03 09:48:10 | INFO     | DF | Running on device cuda:0
2024-04-03 09:48:10 | INFO     | DF | Model loaded
2024-04-23 09:32:12 | INFO     | DF | Running on torch 2.1.2
2024-04-23 09:32:12 | INFO     | DF | Running on host jyd01-Super-Server
2024-04-23 09:32:12 | INFO     | DF | Loading model settings of DeepFilterNet2
2024-04-23 09:32:12 | INFO     | DF | Initializing model `deepfilternet2`
2024-04-23 09:32:12 | INFO     | DF | Found checkpoint ./DeepFilterNet2/checkpoints/model_96.ckpt.best with epoch 96
2024-04-23 09:32:12 | INFO     | DF | Running on device cuda:0
2024-04-23 09:32:12 | INFO     | DF | Model loaded
2024-04-23 09:35:20 | INFO     | DF | Running on torch 2.1.2
2024-04-23 09:35:20 | INFO     | DF | Running on host jyd01-Super-Server
2024-04-23 09:35:20 | INFO     | DF | Loading model settings of DeepFilterNet2
2024-04-23 09:35:20 | INFO     | DF | Initializing model `deepfilternet2`
2024-04-23 09:35:20 | INFO     | DF | Found checkpoint ./DeepFilterNet2/checkpoints/model_96.ckpt.best with epoch 96
2024-04-23 09:35:20 | INFO     | DF | Running on device cuda:0
2024-04-23 09:35:20 | INFO     | DF | Model loaded
2024-04-23 09:38:44 | INFO     | DF | Running on torch 2.1.2
2024-04-23 09:38:44 | INFO     | DF | Running on host jyd01-Super-Server
2024-04-23 09:38:44 | INFO     | DF | Loading model settings of DeepFilterNet2
2024-04-23 09:38:44 | INFO     | DF | Initializing model `deepfilternet2`
2024-04-23 09:38:44 | INFO     | DF | Found checkpoint ./DeepFilterNet2/checkpoints/model_96.ckpt.best with epoch 96
2024-04-23 09:38:44 | INFO     | DF | Running on device cuda:0
2024-04-23 09:38:44 | INFO     | DF | Model loaded
2024-04-23 09:41:38 | INFO     | DF | Running on torch 2.1.2
2024-04-23 09:41:38 | INFO     | DF | Running on host jyd01-Super-Server
2024-04-23 09:41:38 | INFO     | DF | Loading model settings of DeepFilterNet2
2024-04-23 09:41:38 | INFO     | DF | Initializing model `deepfilternet2`
2024-04-23 09:41:39 | INFO     | DF | Found checkpoint ./DeepFilterNet2/checkpoints/model_96.ckpt.best with epoch 96
2024-04-23 09:41:39 | INFO     | DF | Running on device cuda:0
2024-04-23 09:41:39 | INFO     | DF | Model loaded
2024-04-23 09:43:50 | INFO     | DF | Running on torch 2.1.2
2024-04-23 09:43:50 | INFO     | DF | Running on host jyd01-Super-Server
2024-04-23 09:43:50 | INFO     | DF | Loading model settings of DeepFilterNet2
2024-04-23 09:43:50 | INFO     | DF | Initializing model `deepfilternet2`
2024-04-23 09:43:51 | INFO     | DF | Found checkpoint ./DeepFilterNet2/checkpoints/model_96.ckpt.best with epoch 96
2024-04-23 09:43:51 | INFO     | DF | Running on device cuda:0
2024-04-23 09:43:51 | INFO     | DF | Model loaded
2024-04-23 09:50:13 | INFO     | DF | Running on torch 2.1.2
2024-04-23 09:50:13 | INFO     | DF | Running on host jyd01-Super-Server
2024-04-23 09:50:13 | INFO     | DF | Loading model settings of DeepFilterNet2
2024-04-23 09:50:13 | INFO     | DF | Initializing model `deepfilternet2`
2024-04-23 09:50:14 | INFO     | DF | Found checkpoint ./DeepFilterNet2/checkpoints/model_96.ckpt.best with epoch 96
2024-04-23 09:50:14 | INFO     | DF | Running on device cuda:0
2024-04-23 09:50:14 | INFO     | DF | Model loaded
2024-04-23 10:00:56 | INFO     | DF | Running on torch 2.1.2
2024-04-23 10:00:56 | INFO     | DF | Running on host jyd01-Super-Server
2024-04-23 10:00:56 | INFO     | DF | Loading model settings of DeepFilterNet2
2024-04-23 10:00:56 | INFO     | DF | Initializing model `deepfilternet2`
2024-04-23 10:00:57 | INFO     | DF | Found checkpoint ./DeepFilterNet2/checkpoints/model_96.ckpt.best with epoch 96
2024-04-23 10:00:57 | INFO     | DF | Running on device cuda:0
2024-04-23 10:00:57 | INFO     | DF | Model loaded
2024-04-23 10:16:06 | INFO     | DF | Running on torch 2.1.2
2024-04-23 10:16:06 | INFO     | DF | Running on host jyd01-Super-Server
2024-04-23 10:16:06 | INFO     | DF | Loading model settings of DeepFilterNet2
2024-04-23 10:16:06 | INFO     | DF | Initializing model `deepfilternet2`
2024-04-23 10:16:07 | INFO     | DF | Found checkpoint ./DeepFilterNet2/checkpoints/model_96.ckpt.best with epoch 96
2024-04-23 10:16:07 | INFO     | DF | Running on device cuda:0
2024-04-23 10:16:07 | INFO     | DF | Model loaded
2024-04-23 10:24:37 | INFO     | DF | Running on torch 2.1.2
2024-04-23 10:24:37 | INFO     | DF | Running on host jyd01-Super-Server
2024-04-23 10:24:37 | INFO     | DF | Loading model settings of DeepFilterNet2
2024-04-23 10:24:37 | INFO     | DF | Initializing model `deepfilternet2`
2024-04-23 10:24:37 | INFO     | DF | Found checkpoint ./DeepFilterNet2/checkpoints/model_96.ckpt.best with epoch 96
2024-04-23 10:24:37 | INFO     | DF | Running on device cuda:0
2024-04-23 10:24:37 | INFO     | DF | Model loaded
2024-04-23 10:30:41 | INFO     | DF | Running on torch 2.1.2
2024-04-23 10:30:41 | INFO     | DF | Running on host jyd01-Super-Server
2024-04-23 10:30:41 | INFO     | DF | Loading model settings of DeepFilterNet2
2024-04-23 10:30:41 | INFO     | DF | Initializing model `deepfilternet2`
2024-04-23 10:30:41 | INFO     | DF | Found checkpoint ./DeepFilterNet2/checkpoints/model_96.ckpt.best with epoch 96
2024-04-23 10:30:41 | INFO     | DF | Running on device cuda:0
2024-04-23 10:30:41 | INFO     | DF | Model loaded
2024-04-23 10:55:10 | INFO     | DF | Running on torch 2.1.2
2024-04-23 10:55:10 | INFO     | DF | Running on host jyd01-Super-Server
2024-04-23 10:55:10 | INFO     | DF | Loading model settings of DeepFilterNet2
2024-04-23 10:55:10 | INFO     | DF | Initializing model `deepfilternet2`
2024-04-23 10:55:11 | INFO     | DF | Found checkpoint ./DeepFilterNet2/checkpoints/model_96.ckpt.best with epoch 96
2024-04-23 10:55:11 | INFO     | DF | Running on device cuda:0
2024-04-23 10:55:11 | INFO     | DF | Model loaded
2024-04-23 11:38:11 | INFO     | DF | Running on torch 2.1.2
2024-04-23 11:38:11 | INFO     | DF | Running on host jyd01-Super-Server
2024-04-23 11:38:11 | INFO     | DF | Loading model settings of DeepFilterNet2
2024-04-23 11:38:11 | INFO     | DF | Initializing model `deepfilternet2`
2024-04-23 11:38:11 | INFO     | DF | Found checkpoint ./DeepFilterNet2/checkpoints/model_96.ckpt.best with epoch 96
2024-04-23 11:38:11 | INFO     | DF | Running on device cuda:0
2024-04-23 11:38:11 | INFO     | DF | Model loaded
2024-04-23 11:52:46 | INFO     | DF | Running on torch 2.1.2
2024-04-23 11:52:46 | INFO     | DF | Running on host jyd01-Super-Server
2024-04-23 11:52:46 | INFO     | DF | Loading model settings of DeepFilterNet2
2024-04-23 11:52:46 | INFO     | DF | Initializing model `deepfilternet2`
2024-04-23 11:52:46 | INFO     | DF | Found checkpoint ./DeepFilterNet2/checkpoints/model_96.ckpt.best with epoch 96
2024-04-23 11:52:46 | INFO     | DF | Running on device cuda:0
2024-04-23 11:52:46 | INFO     | DF | Model loaded
2024-04-23 17:35:58 | INFO     | DF | Running on torch 2.1.2
2024-04-23 17:35:58 | INFO     | DF | Running on host jyd01-Super-Server
2024-04-23 17:35:58 | INFO     | DF | Loading model settings of DeepFilterNet2
2024-04-23 17:35:58 | INFO     | DF | Initializing model `deepfilternet2`
2024-04-23 17:35:59 | INFO     | DF | Found checkpoint ./DeepFilterNet2/checkpoints/model_96.ckpt.best with epoch 96
2024-04-23 17:35:59 | INFO     | DF | Running on device cuda:0
2024-04-23 17:35:59 | INFO     | DF | Model loaded
2024-04-24 17:46:43 | INFO     | DF | Running on torch 2.1.2
2024-04-24 17:46:43 | INFO     | DF | Running on host jyd01-Super-Server
2024-04-24 17:46:43 | INFO     | DF | Loading model settings of DeepFilterNet2
2024-04-24 17:46:43 | INFO     | DF | Initializing model `deepfilternet2`
2024-04-24 17:46:44 | INFO     | DF | Found checkpoint ./DeepFilterNet2/checkpoints/model_96.ckpt.best with epoch 96
2024-04-24 17:46:44 | INFO     | DF | Running on device cuda:0
2024-04-24 17:46:44 | INFO     | DF | Model loaded
2024-04-24 17:49:30 | INFO     | DF | Running on torch 2.1.2
2024-04-24 17:49:30 | INFO     | DF | Running on host jyd01-Super-Server
2024-04-24 17:49:30 | INFO     | DF | Loading model settings of DeepFilterNet2
2024-04-24 17:49:30 | INFO     | DF | Initializing model `deepfilternet2`
2024-04-24 17:49:31 | INFO     | DF | Found checkpoint ./DeepFilterNet2/checkpoints/model_96.ckpt.best with epoch 96
2024-04-24 17:49:31 | INFO     | DF | Running on device cuda:0
2024-04-24 17:49:31 | INFO     | DF | Model loaded
2024-04-24 17:51:19 | INFO     | DF | Running on torch 2.1.2
2024-04-24 17:51:19 | INFO     | DF | Running on host jyd01-Super-Server
2024-04-24 17:51:19 | INFO     | DF | Loading model settings of DeepFilterNet2
2024-04-24 17:51:20 | INFO     | DF | Initializing model `deepfilternet2`
2024-04-24 17:51:20 | INFO     | DF | Found checkpoint ./DeepFilterNet2/checkpoints/model_96.ckpt.best with epoch 96
2024-04-24 17:51:20 | INFO     | DF | Running on device cuda:0
2024-04-24 17:51:20 | INFO     | DF | Model loaded
2024-04-26 11:01:57 | INFO     | DF | Running on torch 2.1.2
2024-04-26 11:01:57 | INFO     | DF | Running on host jyd01-Super-Server
2024-04-26 11:01:57 | INFO     | DF | Loading model settings of DeepFilterNet2
2024-04-26 11:01:57 | INFO     | DF | Initializing model `deepfilternet2`
2024-04-26 11:01:58 | INFO     | DF | Found checkpoint ./DeepFilterNet2/checkpoints/model_96.ckpt.best with epoch 96
2024-04-26 11:01:58 | INFO     | DF | Running on device cuda:0
2024-04-26 11:01:58 | INFO     | DF | Model loaded
2024-04-28 09:14:55 | INFO     | DF | Running on torch 2.1.2
2024-04-28 09:14:55 | INFO     | DF | Running on host jyd01-Super-Server
2024-04-28 09:14:56 | INFO     | DF | Loading model settings of DeepFilterNet2
2024-04-28 09:14:56 | INFO     | DF | Initializing model `deepfilternet2`
2024-04-28 09:14:56 | INFO     | DF | Found checkpoint ./DeepFilterNet2/checkpoints/model_96.ckpt.best with epoch 96
2024-04-28 09:14:56 | INFO     | DF | Running on device cuda:0
2024-04-28 09:14:56 | INFO     | DF | Model loaded
2024-04-28 09:15:35 | INFO     | DF | Running on torch 2.1.2
2024-04-28 09:15:35 | INFO     | DF | Running on host jyd01-Super-Server
2024-04-28 09:15:35 | INFO     | DF | Loading model settings of DeepFilterNet2
2024-04-28 09:15:35 | INFO     | DF | Initializing model `deepfilternet2`
2024-04-28 09:15:35 | INFO     | DF | Found checkpoint ./DeepFilterNet2/checkpoints/model_96.ckpt.best with epoch 96
2024-04-28 09:15:35 | INFO     | DF | Running on device cuda:0
2024-04-28 09:15:35 | INFO     | DF | Model loaded
2024-05-06 09:48:04 | INFO     | DF | Running on torch 2.1.2
2024-05-06 09:48:04 | INFO     | DF | Running on host jyd01-Super-Server
2024-05-06 09:48:04 | INFO     | DF | Loading model settings of DeepFilterNet2
2024-05-06 09:48:04 | INFO     | DF | Initializing model `deepfilternet2`
2024-05-06 09:48:05 | INFO     | DF | Found checkpoint ./DeepFilterNet2/checkpoints/model_96.ckpt.best with epoch 96
2024-05-06 09:48:05 | INFO     | DF | Running on device cuda:0
2024-05-06 09:48:05 | INFO     | DF | Model loaded
2024-05-06 09:55:57 | INFO     | DF | Running on torch 2.1.2
2024-05-06 09:55:57 | INFO     | DF | Running on host jyd01-Super-Server
2024-05-06 09:55:57 | INFO     | DF | Loading model settings of DeepFilterNet2
2024-05-06 09:55:57 | INFO     | DF | Initializing model `deepfilternet2`
2024-05-06 09:55:57 | INFO     | DF | Found checkpoint ./DeepFilterNet2/checkpoints/model_96.ckpt.best with epoch 96
2024-05-06 09:55:57 | INFO     | DF | Running on device cuda:0
2024-05-06 09:55:57 | INFO     | DF | Model loaded
2024-05-06 10:00:16 | INFO     | DF | Running on torch 2.1.2
2024-05-06 10:00:16 | INFO     | DF | Running on host jyd01-Super-Server
2024-05-06 10:00:16 | INFO     | DF | Loading model settings of DeepFilterNet2
2024-05-06 10:00:16 | INFO     | DF | Initializing model `deepfilternet2`
2024-05-06 10:00:16 | INFO     | DF | Found checkpoint ./DeepFilterNet2/checkpoints/model_96.ckpt.best with epoch 96
2024-05-06 10:00:16 | INFO     | DF | Running on device cuda:0
2024-05-06 10:00:16 | INFO     | DF | Model loaded
2024-05-06 10:01:05 | INFO     | DF | Running on torch 2.1.2
2024-05-06 10:01:05 | INFO     | DF | Running on host jyd01-Super-Server
2024-05-06 10:01:06 | INFO     | DF | Loading model settings of DeepFilterNet2
2024-05-06 10:01:06 | INFO     | DF | Initializing model `deepfilternet2`
2024-05-06 10:01:06 | INFO     | DF | Found checkpoint ./DeepFilterNet2/checkpoints/model_96.ckpt.best with epoch 96
2024-05-06 10:01:06 | INFO     | DF | Running on device cuda:0
2024-05-06 10:01:06 | INFO     | DF | Model loaded
2024-05-14 14:02:49 | INFO     | DF | Running on torch 2.1.2
2024-05-14 14:02:49 | INFO     | DF | Running on host jyd01-Super-Server
2024-05-14 14:02:49 | INFO     | DF | Loading model settings of DeepFilterNet2
2024-05-14 14:02:49 | INFO     | DF | Initializing model `deepfilternet2`
2024-05-14 14:02:49 | INFO     | DF | Found checkpoint ./DeepFilterNet2/checkpoints/model_96.ckpt.best with epoch 96
2024-05-14 14:02:49 | INFO     | DF | Running on device cuda:0
2024-05-14 14:02:49 | INFO     | DF | Model loaded
2024-05-14 14:08:39 | INFO     | DF | Running on torch 2.1.2
2024-05-14 14:08:39 | INFO     | DF | Running on host jyd01-Super-Server
2024-05-14 14:08:39 | INFO     | DF | Loading model settings of DeepFilterNet2
2024-05-14 14:08:39 | INFO     | DF | Initializing model `deepfilternet2`
2024-05-14 14:08:39 | INFO     | DF | Found checkpoint ./DeepFilterNet2/checkpoints/model_96.ckpt.best with epoch 96
2024-05-14 14:08:39 | INFO     | DF | Running on device cuda:0
2024-05-14 14:08:39 | INFO     | DF | Model loaded
2024-05-14 14:11:43 | INFO     | DF | Running on torch 2.1.2
2024-05-14 14:11:43 | INFO     | DF | Running on host jyd01-Super-Server
2024-05-14 14:11:43 | INFO     | DF | Loading model settings of DeepFilterNet2
2024-05-14 14:11:43 | INFO     | DF | Initializing model `deepfilternet2`
2024-05-14 14:11:43 | INFO     | DF | Found checkpoint ./DeepFilterNet2/checkpoints/model_96.ckpt.best with epoch 96
2024-05-14 14:11:43 | INFO     | DF | Running on device cuda:0
2024-05-14 14:11:43 | INFO     | DF | Model loaded
2024-05-14 14:21:32 | INFO     | DF | Running on torch 2.1.2
2024-05-14 14:21:32 | INFO     | DF | Running on host jyd01-Super-Server
2024-05-14 14:21:32 | INFO     | DF | Loading model settings of DeepFilterNet2
2024-05-14 14:21:32 | INFO     | DF | Initializing model `deepfilternet2`
2024-05-14 14:21:32 | INFO     | DF | Found checkpoint ./DeepFilterNet2/checkpoints/model_96.ckpt.best with epoch 96
2024-05-14 14:21:32 | INFO     | DF | Running on device cuda:0
2024-05-14 14:21:32 | INFO     | DF | Model loaded
2024-05-14 14:54:23 | INFO     | DF | Running on torch 2.1.2
2024-05-14 14:54:23 | INFO     | DF | Running on host jyd01-Super-Server
2024-05-14 14:54:23 | INFO     | DF | Loading model settings of DeepFilterNet2
2024-05-14 14:54:23 | INFO     | DF | Initializing model `deepfilternet2`
2024-05-14 14:54:24 | INFO     | DF | Found checkpoint ./DeepFilterNet2/checkpoints/model_96.ckpt.best with epoch 96
2024-05-14 14:54:24 | INFO     | DF | Running on device cuda:0
2024-05-14 14:54:24 | INFO     | DF | Model loaded
2024-06-07 17:13:12 | INFO     | DF | Running on torch 2.1.2
2024-06-07 17:13:12 | INFO     | DF | Running on host root
2024-06-07 17:13:12 | INFO     | DF | Loading model settings of DeepFilterNet2
2024-06-07 17:13:13 | INFO     | DF | Initializing model `deepfilternet2`
2024-06-07 17:13:13 | INFO     | DF | Found checkpoint ./DeepFilterNet2/checkpoints/model_96.ckpt.best with epoch 96
2024-06-07 17:13:13 | INFO     | DF | Running on device cuda:0
2024-06-07 17:13:13 | INFO     | DF | Model loaded
2024-06-07 17:17:29 | INFO     | DF | Running on torch 2.1.2
2024-06-07 17:17:29 | INFO     | DF | Running on host root
2024-06-07 17:17:29 | INFO     | DF | Loading model settings of DeepFilterNet2
2024-06-07 17:17:29 | INFO     | DF | Initializing model `deepfilternet2`
2024-06-07 17:17:29 | INFO     | DF | Found checkpoint ./DeepFilterNet2/checkpoints/model_96.ckpt.best with epoch 96
2024-06-07 17:17:29 | INFO     | DF | Running on device cuda:0
2024-06-07 17:17:29 | INFO     | DF | Model loaded
2024-06-07 17:26:17 | INFO     | DF | Running on torch 2.1.2
2024-06-07 17:26:17 | INFO     | DF | Running on host root
2024-06-07 17:26:17 | INFO     | DF | Loading model settings of DeepFilterNet2
2024-06-07 17:26:17 | INFO     | DF | Initializing model `deepfilternet2`
2024-06-07 17:26:17 | INFO     | DF | Found checkpoint ./DeepFilterNet2/checkpoints/model_96.ckpt.best with epoch 96
2024-06-07 17:26:17 | INFO     | DF | Running on device cuda:0
2024-06-07 17:26:17 | INFO     | DF | Model loaded
2024-07-05 15:07:12 | INFO     | DF | Running on torch 2.1.2
2024-07-05 15:07:12 | INFO     | DF | Running on host wzhpc
2024-07-05 15:07:12 | INFO     | DF | Loading model settings of DeepFilterNet2
2024-07-05 15:07:12 | INFO     | DF | Initializing model `deepfilternet2`
2024-07-05 15:07:12 | INFO     | DF | Found checkpoint ./DeepFilterNet2/checkpoints/model_96.ckpt.best with epoch 96
2024-07-05 15:07:12 | INFO     | DF | Running on device cuda:0
2024-07-05 15:07:12 | INFO     | DF | Model loaded
2024-07-05 15:07:39 | INFO     | DF | Running on torch 2.1.2
2024-07-05 15:07:39 | INFO     | DF | Running on host wzhpc
2024-07-05 15:07:40 | INFO     | DF | Loading model settings of DeepFilterNet2
2024-07-05 15:07:40 | INFO     | DF | Initializing model `deepfilternet2`
2024-07-05 15:07:40 | INFO     | DF | Found checkpoint ./DeepFilterNet2/checkpoints/model_96.ckpt.best with epoch 96
2024-07-05 15:07:40 | INFO     | DF | Running on device cuda:0
2024-07-05 15:07:40 | INFO     | DF | Model loaded
2024-07-05 15:08:13 | INFO     | DF | Running on torch 2.1.2
2024-07-05 15:08:13 | INFO     | DF | Running on host wzhpc
2024-07-05 15:08:13 | INFO     | DF | Loading model settings of DeepFilterNet2
2024-07-05 15:08:13 | INFO     | DF | Initializing model `deepfilternet2`
2024-07-05 15:08:14 | INFO     | DF | Found checkpoint ./DeepFilterNet2/checkpoints/model_96.ckpt.best with epoch 96
2024-07-05 15:08:14 | INFO     | DF | Running on device cuda:0
2024-07-05 15:08:14 | INFO     | DF | Model loaded
2024-07-05 15:09:19 | INFO     | DF | Running on torch 2.1.2
2024-07-05 15:09:19 | INFO     | DF | Running on host wzhpc
2024-07-05 15:09:19 | INFO     | DF | Loading model settings of DeepFilterNet2
2024-07-05 15:09:19 | INFO     | DF | Initializing model `deepfilternet2`
2024-07-05 15:09:20 | INFO     | DF | Found checkpoint ./DeepFilterNet2/checkpoints/model_96.ckpt.best with epoch 96
2024-07-05 15:09:20 | INFO     | DF | Running on device cuda:0
2024-07-05 15:09:20 | INFO     | DF | Model loaded
2024-07-05 15:10:06 | INFO     | DF | Running on torch 2.1.2
2024-07-05 15:10:06 | INFO     | DF | Running on host wzhpc
2024-07-05 15:10:06 | INFO     | DF | Loading model settings of DeepFilterNet2
2024-07-05 15:10:06 | INFO     | DF | Initializing model `deepfilternet2`
2024-07-05 15:10:06 | INFO     | DF | Found checkpoint ./DeepFilterNet2/checkpoints/model_96.ckpt.best with epoch 96
2024-07-05 15:10:06 | INFO     | DF | Running on device cuda:0
2024-07-05 15:10:06 | INFO     | DF | Model loaded
2024-07-05 15:12:19 | INFO     | DF | Running on torch 2.1.2
2024-07-05 15:12:19 | INFO     | DF | Running on host wzhpc
2024-07-05 15:12:19 | INFO     | DF | Loading model settings of DeepFilterNet2
2024-07-05 15:12:19 | INFO     | DF | Initializing model `deepfilternet2`
2024-07-05 15:12:20 | INFO     | DF | Found checkpoint ./DeepFilterNet2/checkpoints/model_96.ckpt.best with epoch 96
2024-07-05 15:12:20 | INFO     | DF | Running on device cuda:0
2024-07-05 15:12:20 | INFO     | DF | Model loaded
2024-07-05 15:13:10 | INFO     | DF | Running on torch 2.1.2
2024-07-05 15:13:10 | INFO     | DF | Running on host wzhpc
2024-07-05 15:13:10 | INFO     | DF | Loading model settings of DeepFilterNet2
2024-07-05 15:13:10 | INFO     | DF | Initializing model `deepfilternet2`
2024-07-05 15:13:10 | INFO     | DF | Found checkpoint ./DeepFilterNet2/checkpoints/model_96.ckpt.best with epoch 96
2024-07-05 15:13:10 | INFO     | DF | Running on device cuda:0
2024-07-05 15:13:10 | INFO     | DF | Model loaded
2024-07-05 15:17:56 | INFO     | DF | Running on torch 2.1.2
2024-07-05 15:17:56 | INFO     | DF | Running on host wzhpc
2024-07-05 15:17:56 | INFO     | DF | Loading model settings of DeepFilterNet2
2024-07-05 15:17:56 | INFO     | DF | Initializing model `deepfilternet2`
2024-07-05 15:17:57 | INFO     | DF | Found checkpoint ./DeepFilterNet2/checkpoints/model_96.ckpt.best with epoch 96
2024-07-05 15:17:57 | INFO     | DF | Running on device cuda:0
2024-07-05 15:17:57 | INFO     | DF | Model loaded
2024-07-05 15:18:54 | INFO     | DF | Running on torch 2.1.2
2024-07-05 15:18:54 | INFO     | DF | Running on host wzhpc
2024-07-05 15:18:54 | INFO     | DF | Loading model settings of DeepFilterNet2
2024-07-05 15:18:54 | INFO     | DF | Initializing model `deepfilternet2`
2024-07-05 15:18:54 | INFO     | DF | Found checkpoint ./DeepFilterNet2/checkpoints/model_96.ckpt.best with epoch 96
2024-07-05 15:18:54 | INFO     | DF | Running on device cuda:0
2024-07-05 15:18:54 | INFO     | DF | Model loaded
2024-07-05 15:19:19 | INFO     | DF | Running on torch 2.1.2
2024-07-05 15:19:19 | INFO     | DF | Running on host wzhpc
2024-07-05 15:19:19 | INFO     | DF | Loading model settings of DeepFilterNet2
2024-07-05 15:19:19 | INFO     | DF | Initializing model `deepfilternet2`
2024-07-05 15:19:19 | INFO     | DF | Found checkpoint ./DeepFilterNet2/checkpoints/model_96.ckpt.best with epoch 96
2024-07-05 15:19:19 | INFO     | DF | Running on device cuda:0
2024-07-05 15:19:19 | INFO     | DF | Model loaded
2024-07-23 18:04:51 | INFO     | DF | Running on torch 2.1.2
2024-07-23 18:04:51 | INFO     | DF | Running on host wzhpc
2024-07-23 18:04:51 | INFO     | DF | Loading model settings of DeepFilterNet2
2024-07-23 18:04:51 | INFO     | DF | Initializing model `deepfilternet2`
2024-07-23 18:04:51 | INFO     | DF | Found checkpoint ./DeepFilterNet2/checkpoints/model_96.ckpt.best with epoch 96
2024-07-23 18:04:51 | INFO     | DF | Running on device cuda:0
2024-07-23 18:04:51 | INFO     | DF | Model loaded
2024-07-23 18:06:14 | INFO     | DF | Running on torch 2.1.2
2024-07-23 18:06:14 | INFO     | DF | Running on host wzhpc
2024-07-23 18:06:14 | INFO     | DF | Loading model settings of DeepFilterNet2
2024-07-23 18:06:14 | INFO     | DF | Initializing model `deepfilternet2`
2024-07-23 18:06:14 | INFO     | DF | Found checkpoint ./DeepFilterNet2/checkpoints/model_96.ckpt.best with epoch 96
2024-07-23 18:06:14 | INFO     | DF | Running on device cuda:0
2024-07-23 18:06:14 | INFO     | DF | Model loaded
2024-09-06 13:22:45 | INFO     | DF | Running on torch 2.1.2
2024-09-06 13:22:45 | INFO     | DF | Running on host wzhpc
2024-09-06 13:22:45 | INFO     | DF | Loading model settings of DeepFilterNet2
2024-09-06 13:22:45 | INFO     | DF | Initializing model `deepfilternet2`
2024-09-06 13:22:46 | INFO     | DF | Found checkpoint ./DeepFilterNet2/checkpoints/model_96.ckpt.best with epoch 96
2024-09-06 13:22:46 | INFO     | DF | Running on device cuda:0
2024-09-06 13:22:46 | INFO     | DF | Model loaded
2024-09-06 13:23:52 | INFO     | DF | Running on torch 2.1.2
2024-09-06 13:23:52 | INFO     | DF | Running on host wzhpc
2024-09-06 13:23:52 | INFO     | DF | Loading model settings of DeepFilterNet2
2024-09-06 13:23:52 | INFO     | DF | Initializing model `deepfilternet2`
2024-09-06 13:23:53 | INFO     | DF | Found checkpoint ./DeepFilterNet2/checkpoints/model_96.ckpt.best with epoch 96
2024-09-06 13:23:53 | INFO     | DF | Running on device cuda:0
2024-09-06 13:23:53 | INFO     | DF | Model loaded
2024-09-06 13:28:05 | INFO     | DF | Running on torch 2.1.2
2024-09-06 13:28:05 | INFO     | DF | Running on host wzhpc
2024-09-06 13:28:05 | INFO     | DF | Loading model settings of DeepFilterNet2
2024-09-06 13:28:05 | INFO     | DF | Initializing model `deepfilternet2`
2024-09-06 13:28:05 | INFO     | DF | Found checkpoint ./DeepFilterNet2/checkpoints/model_96.ckpt.best with epoch 96
2024-09-06 13:28:05 | INFO     | DF | Running on device cuda:0
2024-09-06 13:28:05 | INFO     | DF | Model loaded
2024-09-06 13:29:42 | INFO     | DF | Running on torch 2.1.2
2024-09-06 13:29:42 | INFO     | DF | Running on host wzhpc
2024-09-06 13:29:42 | INFO     | DF | Loading model settings of DeepFilterNet2
2024-09-06 13:29:42 | INFO     | DF | Initializing model `deepfilternet2`
2024-09-06 13:29:43 | INFO     | DF | Found checkpoint ./DeepFilterNet2/checkpoints/model_96.ckpt.best with epoch 96
2024-09-06 13:29:43 | INFO     | DF | Running on device cuda:0
2024-09-06 13:29:43 | INFO     | DF | Model loaded
2024-09-06 13:30:27 | INFO     | DF | Running on torch 2.1.2
2024-09-06 13:30:27 | INFO     | DF | Running on host wzhpc
2024-09-06 13:30:27 | INFO     | DF | Loading model settings of DeepFilterNet2
2024-09-06 13:30:27 | INFO     | DF | Initializing model `deepfilternet2`
2024-09-06 13:30:27 | INFO     | DF | Found checkpoint ./DeepFilterNet2/checkpoints/model_96.ckpt.best with epoch 96
2024-09-06 13:30:27 | INFO     | DF | Running on device cuda:0
2024-09-06 13:30:27 | INFO     | DF | Model loaded
2024-09-06 13:31:10 | INFO     | DF | Running on torch 2.1.2
2024-09-06 13:31:10 | INFO     | DF | Running on host wzhpc
2024-09-06 13:31:10 | INFO     | DF | Loading model settings of DeepFilterNet2
2024-09-06 13:31:10 | INFO     | DF | Initializing model `deepfilternet2`
2024-09-06 13:31:10 | INFO     | DF | Found checkpoint ./DeepFilterNet2/checkpoints/model_96.ckpt.best with epoch 96
2024-09-06 13:31:10 | INFO     | DF | Running on device cuda:0
2024-09-06 13:31:10 | INFO     | DF | Model loaded
2024-09-06 13:40:57 | INFO     | DF | Running on torch 2.1.2
2024-09-06 13:40:57 | INFO     | DF | Running on host wzhpc
2024-09-06 13:40:57 | INFO     | DF | Loading model settings of DeepFilterNet2
2024-09-06 13:40:57 | INFO     | DF | Initializing model `deepfilternet2`
2024-09-06 13:40:58 | INFO     | DF | Found checkpoint ./DeepFilterNet2/checkpoints/model_96.ckpt.best with epoch 96
2024-09-06 13:40:58 | INFO     | DF | Running on device cuda:0
2024-09-06 13:40:58 | INFO     | DF | Model loaded
2024-09-06 13:44:00 | INFO     | DF | Running on torch 2.1.2
2024-09-06 13:44:00 | INFO     | DF | Running on host wzhpc
2024-09-06 13:44:01 | INFO     | DF | Loading model settings of DeepFilterNet2
2024-09-06 13:44:01 | INFO     | DF | Initializing model `deepfilternet2`
2024-09-06 13:44:01 | INFO     | DF | Found checkpoint ./DeepFilterNet2/checkpoints/model_96.ckpt.best with epoch 96
2024-09-06 13:44:01 | INFO     | DF | Running on device cuda:0
2024-09-06 13:44:01 | INFO     | DF | Model loaded
2024-09-06 13:45:56 | INFO     | DF | Running on torch 2.1.2
2024-09-06 13:45:56 | INFO     | DF | Running on host wzhpc
2024-09-06 13:45:56 | INFO     | DF | Loading model settings of DeepFilterNet2
2024-09-06 13:45:56 | INFO     | DF | Initializing model `deepfilternet2`
2024-09-06 13:45:56 | INFO     | DF | Found checkpoint ./DeepFilterNet2/checkpoints/model_96.ckpt.best with epoch 96
2024-09-06 13:45:56 | INFO     | DF | Running on device cuda:0
2024-09-06 13:45:56 | INFO     | DF | Model loaded
2024-09-06 13:50:22 | INFO     | DF | Running on torch 2.1.2
2024-09-06 13:50:22 | INFO     | DF | Running on host wzhpc
2024-09-06 13:50:22 | INFO     | DF | Loading model settings of DeepFilterNet2
2024-09-06 13:50:22 | INFO     | DF | Initializing model `deepfilternet2`
2024-09-06 13:50:22 | INFO     | DF | Found checkpoint ./DeepFilterNet2/checkpoints/model_96.ckpt.best with epoch 96
2024-09-06 13:50:22 | INFO     | DF | Running on device cuda:0
2024-09-06 13:50:22 | INFO     | DF | Model loaded
2024-09-06 13:52:19 | INFO     | DF | Running on torch 2.1.2
2024-09-06 13:52:19 | INFO     | DF | Running on host wzhpc
2024-09-06 13:52:19 | INFO     | DF | Loading model settings of DeepFilterNet2
2024-09-06 13:52:19 | INFO     | DF | Initializing model `deepfilternet2`
2024-09-06 13:52:20 | INFO     | DF | Found checkpoint ./DeepFilterNet2/checkpoints/model_96.ckpt.best with epoch 96
2024-09-06 13:52:20 | INFO     | DF | Running on device cuda:0
2024-09-06 13:52:20 | INFO     | DF | Model loaded
2024-09-06 13:56:10 | INFO     | DF | Running on torch 2.1.2
2024-09-06 13:56:10 | INFO     | DF | Running on host wzhpc
2024-09-06 13:56:10 | INFO     | DF | Loading model settings of DeepFilterNet2
2024-09-06 13:56:10 | INFO     | DF | Initializing model `deepfilternet2`
2024-09-06 13:56:10 | INFO     | DF | Found checkpoint ./DeepFilterNet2/checkpoints/model_96.ckpt.best with epoch 96
2024-09-06 13:56:10 | INFO     | DF | Running on device cuda:0
2024-09-06 13:56:10 | INFO     | DF | Model loaded
2024-09-06 13:58:23 | INFO     | DF | Running on torch 2.1.2
2024-09-06 13:58:23 | INFO     | DF | Running on host wzhpc
2024-09-06 13:58:23 | INFO     | DF | Loading model settings of DeepFilterNet2
2024-09-06 13:58:23 | INFO     | DF | Initializing model `deepfilternet2`
2024-09-06 13:58:23 | INFO     | DF | Found checkpoint ./DeepFilterNet2/checkpoints/model_96.ckpt.best with epoch 96
2024-09-06 13:58:23 | INFO     | DF | Running on device cuda:0
2024-09-06 13:58:23 | INFO     | DF | Model loaded
2024-09-06 14:01:28 | INFO     | DF | Running on torch 2.1.2
2024-09-06 14:01:28 | INFO     | DF | Running on host wzhpc
2024-09-06 14:01:28 | INFO     | DF | Loading model settings of DeepFilterNet2
2024-09-06 14:01:28 | INFO     | DF | Initializing model `deepfilternet2`
2024-09-06 14:01:28 | INFO     | DF | Found checkpoint ./DeepFilterNet2/checkpoints/model_96.ckpt.best with epoch 96
2024-09-06 14:01:28 | INFO     | DF | Running on device cuda:0
2024-09-06 14:01:28 | INFO     | DF | Model loaded
2024-09-06 14:11:14 | INFO     | DF | Running on torch 2.1.2
2024-09-06 14:11:14 | INFO     | DF | Running on host wzhpc
2024-09-06 14:11:14 | INFO     | DF | Loading model settings of DeepFilterNet2
2024-09-06 14:11:14 | INFO     | DF | Initializing model `deepfilternet2`
2024-09-06 14:11:14 | INFO     | DF | Found checkpoint ./DeepFilterNet2/checkpoints/model_96.ckpt.best with epoch 96
2024-09-06 14:11:14 | INFO     | DF | Running on device cuda:0
2024-09-06 14:11:14 | INFO     | DF | Model loaded
2024-09-06 14:14:42 | INFO     | DF | Running on torch 2.1.2
2024-09-06 14:14:42 | INFO     | DF | Running on host wzhpc
2024-09-06 14:14:42 | INFO     | DF | Loading model settings of DeepFilterNet2
2024-09-06 14:14:42 | INFO     | DF | Initializing model `deepfilternet2`
2024-09-06 14:14:43 | INFO     | DF | Found checkpoint ./DeepFilterNet2/checkpoints/model_96.ckpt.best with epoch 96
2024-09-06 14:14:43 | INFO     | DF | Running on device cuda:0
2024-09-06 14:14:43 | INFO     | DF | Model loaded
2024-09-09 09:30:28 | INFO     | DF | Running on torch 2.1.2
2024-09-09 09:30:28 | INFO     | DF | Running on host wzhpc
2024-09-09 09:30:28 | INFO     | DF | Loading model settings of DeepFilterNet2
2024-09-09 09:30:28 | INFO     | DF | Initializing model `deepfilternet2`
2024-09-09 09:30:28 | INFO     | DF | Found checkpoint ./DeepFilterNet2/checkpoints/model_96.ckpt.best with epoch 96
2024-09-09 09:30:28 | INFO     | DF | Running on device cuda:0
2024-09-09 09:30:28 | INFO     | DF | Model loaded
2024-10-11 11:10:08 | INFO     | DF | Running on torch 2.1.2
2024-10-11 11:10:08 | INFO     | DF | Running on host wzhpc
2024-10-11 11:10:08 | INFO     | DF | Loading model settings of DeepFilterNet2
2024-10-11 11:10:08 | INFO     | DF | Initializing model `deepfilternet2`
2024-10-11 11:10:08 | INFO     | DF | Found checkpoint ./DeepFilterNet2/checkpoints/model_96.ckpt.best with epoch 96
2024-10-11 11:10:08 | INFO     | DF | Running on device cuda:0
2024-10-11 11:10:08 | INFO     | DF | Model loaded
2024-10-11 11:35:40 | INFO     | DF | Running on torch 2.1.2
2024-10-11 11:35:40 | INFO     | DF | Running on host wzhpc
2024-10-11 11:35:41 | INFO     | DF | Loading model settings of DeepFilterNet2
2024-10-11 11:35:41 | INFO     | DF | Initializing model `deepfilternet2`
2024-10-11 11:35:41 | INFO     | DF | Found checkpoint ./DeepFilterNet2/checkpoints/model_96.ckpt.best with epoch 96
2024-10-11 11:35:41 | INFO     | DF | Running on device cuda:0
2024-10-11 11:35:41 | INFO     | DF | Model loaded
2024-10-11 11:42:34 | INFO     | DF | Running on torch 2.1.2
2024-10-11 11:42:34 | INFO     | DF | Running on host wzhpc
2024-10-11 11:42:34 | INFO     | DF | Loading model settings of DeepFilterNet2
2024-10-11 11:42:34 | INFO     | DF | Initializing model `deepfilternet2`
2024-10-11 11:42:35 | INFO     | DF | Found checkpoint ./DeepFilterNet2/checkpoints/model_96.ckpt.best with epoch 96
2024-10-11 11:42:35 | INFO     | DF | Running on device cuda:0
2024-10-11 11:42:35 | INFO     | DF | Model loaded
2024-10-11 11:54:08 | INFO     | DF | Running on torch 2.1.2
2024-10-11 11:54:08 | INFO     | DF | Running on host wzhpc
2024-10-11 11:54:08 | INFO     | DF | Loading model settings of DeepFilterNet2
2024-10-11 11:54:08 | INFO     | DF | Initializing model `deepfilternet2`
2024-10-11 11:54:09 | INFO     | DF | Found checkpoint ./DeepFilterNet2/checkpoints/model_96.ckpt.best with epoch 96
2024-10-11 11:54:09 | INFO     | DF | Running on device cuda:0
2024-10-11 11:54:09 | INFO     | DF | Model loaded
2024-10-11 11:56:26 | INFO     | DF | Running on torch 2.1.2
2024-10-11 11:56:26 | INFO     | DF | Running on host wzhpc
2024-10-11 11:56:26 | INFO     | DF | Loading model settings of DeepFilterNet2
2024-10-11 11:56:26 | INFO     | DF | Initializing model `deepfilternet2`
2024-10-11 11:56:27 | INFO     | DF | Found checkpoint ./DeepFilterNet2/checkpoints/model_96.ckpt.best with epoch 96
2024-10-11 11:56:27 | INFO     | DF | Running on device cuda:0
2024-10-11 11:56:27 | INFO     | DF | Model loaded
2024-10-11 13:15:52 | INFO     | DF | Running on torch 2.1.2
2024-10-11 13:15:52 | INFO     | DF | Running on host wzhpc
2024-10-11 13:15:52 | INFO     | DF | Loading model settings of DeepFilterNet2
2024-10-11 13:15:52 | INFO     | DF | Initializing model `deepfilternet2`
2024-10-11 13:15:53 | INFO     | DF | Found checkpoint ./DeepFilterNet2/checkpoints/model_96.ckpt.best with epoch 96
2024-10-11 13:15:53 | INFO     | DF | Running on device cuda:0
2024-10-11 13:15:53 | INFO     | DF | Model loaded
2024-10-11 13:18:22 | INFO     | DF | Running on torch 2.1.2
2024-10-11 13:18:22 | INFO     | DF | Running on host wzhpc
2024-10-11 13:18:22 | INFO     | DF | Loading model settings of DeepFilterNet2
2024-10-11 13:18:22 | INFO     | DF | Initializing model `deepfilternet2`
2024-10-11 13:18:22 | INFO     | DF | Found checkpoint ./DeepFilterNet2/checkpoints/model_96.ckpt.best with epoch 96
2024-10-11 13:18:22 | INFO     | DF | Running on device cuda:0
2024-10-11 13:18:22 | INFO     | DF | Model loaded
2024-10-11 13:36:36 | INFO     | DF | Running on torch 2.1.2
2024-10-11 13:36:36 | INFO     | DF | Running on host wzhpc
2024-10-11 13:36:36 | INFO     | DF | Loading model settings of DeepFilterNet2
2024-10-11 13:36:36 | INFO     | DF | Initializing model `deepfilternet2`
2024-10-11 13:36:37 | INFO     | DF | Found checkpoint ./DeepFilterNet2/checkpoints/model_96.ckpt.best with epoch 96
2024-10-11 13:36:37 | INFO     | DF | Running on device cuda:0
2024-10-11 13:36:37 | INFO     | DF | Model loaded
2024-10-11 15:20:14 | INFO     | DF | Running on torch 2.1.2
2024-10-11 15:20:14 | INFO     | DF | Running on host wzhpc
2024-10-11 15:20:14 | INFO     | DF | Loading model settings of DeepFilterNet2
2024-10-11 15:20:14 | INFO     | DF | Initializing model `deepfilternet2`
2024-10-11 15:20:14 | INFO     | DF | Found checkpoint ./DeepFilterNet2/checkpoints/model_96.ckpt.best with epoch 96
2024-10-11 15:20:14 | INFO     | DF | Running on device cuda:0
2024-10-11 15:20:14 | INFO     | DF | Model loaded
2024-10-23 14:39:59 | INFO     | DF | Running on torch 2.1.2
2024-10-23 14:39:59 | INFO     | DF | Running on host wzhpc
2024-10-23 14:39:59 | INFO     | DF | Loading model settings of DeepFilterNet2
2024-10-23 14:39:59 | INFO     | DF | Initializing model `deepfilternet2`
2024-10-23 14:40:00 | INFO     | DF | Found checkpoint ./DeepFilterNet2/checkpoints/model_96.ckpt.best with epoch 96
2024-10-23 14:40:00 | INFO     | DF | Running on device cuda:0
2024-10-23 14:40:00 | INFO     | DF | Model loaded
2024-10-23 14:42:02 | INFO     | DF | Running on torch 2.1.2
2024-10-23 14:42:02 | INFO     | DF | Running on host wzhpc
2024-10-23 14:42:02 | INFO     | DF | Loading model settings of DeepFilterNet2
2024-10-23 14:42:02 | INFO     | DF | Initializing model `deepfilternet2`
2024-10-23 14:42:02 | INFO     | DF | Found checkpoint ./DeepFilterNet2/checkpoints/model_96.ckpt.best with epoch 96
2024-10-23 14:42:02 | INFO     | DF | Running on device cuda:0
2024-10-23 14:42:02 | INFO     | DF | Model loaded
2024-10-23 16:07:35 | INFO     | DF | Running on torch 2.1.2
2024-10-23 16:07:35 | INFO     | DF | Running on host wzhpc
2024-10-23 16:07:35 | INFO     | DF | Loading model settings of DeepFilterNet2
2024-10-23 16:07:35 | INFO     | DF | Initializing model `deepfilternet2`
2024-10-23 16:07:36 | INFO     | DF | Found checkpoint ./DeepFilterNet2/checkpoints/model_96.ckpt.best with epoch 96
2024-10-23 16:07:36 | INFO     | DF | Running on device cuda:0
2024-10-23 16:07:36 | INFO     | DF | Model loaded
2024-10-23 16:09:37 | INFO     | DF | Running on torch 2.1.2
2024-10-23 16:09:37 | INFO     | DF | Running on host wzhpc
2024-10-23 16:09:38 | INFO     | DF | Loading model settings of DeepFilterNet2
2024-10-23 16:09:38 | INFO     | DF | Initializing model `deepfilternet2`
2024-10-23 16:09:38 | INFO     | DF | Found checkpoint ./DeepFilterNet2/checkpoints/model_96.ckpt.best with epoch 96
2024-10-23 16:09:38 | INFO     | DF | Running on device cuda:0
2024-10-23 16:09:38 | INFO     | DF | Model loaded
2024-10-23 17:33:14 | INFO     | DF | Running on torch 2.1.2
2024-10-23 17:33:14 | INFO     | DF | Running on host wzhpc
2024-10-23 17:33:14 | INFO     | DF | Loading model settings of DeepFilterNet2
2024-10-23 17:33:14 | INFO     | DF | Initializing model `deepfilternet2`
2024-10-23 17:33:14 | INFO     | DF | Found checkpoint ./DeepFilterNet2/checkpoints/model_96.ckpt.best with epoch 96
2024-10-23 17:33:14 | INFO     | DF | Running on device cuda:0
2024-10-23 17:33:14 | INFO     | DF | Model loaded
2024-10-29 10:28:45 | INFO     | DF | Running on torch 2.1.2
2024-10-29 10:28:45 | INFO     | DF | Running on host wzhpc
2024-10-29 10:28:45 | INFO     | DF | Loading model settings of DeepFilterNet2
2024-10-29 10:28:45 | INFO     | DF | Initializing model `deepfilternet2`
2024-10-29 10:28:46 | INFO     | DF | Found checkpoint ./DeepFilterNet2/checkpoints/model_96.ckpt.best with epoch 96
2024-10-29 10:28:46 | INFO     | DF | Running on device cuda:0
2024-10-29 10:28:46 | INFO     | DF | Model loaded
2024-10-29 10:31:43 | INFO     | DF | Running on torch 2.1.2
2024-10-29 10:31:43 | INFO     | DF | Running on host wzhpc
2024-10-29 10:31:43 | INFO     | DF | Loading model settings of DeepFilterNet2
2024-10-29 10:31:43 | INFO     | DF | Initializing model `deepfilternet2`
2024-10-29 10:31:43 | INFO     | DF | Found checkpoint ./DeepFilterNet2/checkpoints/model_96.ckpt.best with epoch 96
2024-10-29 10:31:43 | INFO     | DF | Running on device cuda:0
2024-10-29 10:31:43 | INFO     | DF | Model loaded
2024-10-29 14:00:11 | INFO     | DF | Running on torch 2.1.2
2024-10-29 14:00:11 | INFO     | DF | Running on host wzhpc
2024-10-29 14:00:11 | INFO     | DF | Loading model settings of DeepFilterNet2
2024-10-29 14:00:11 | INFO     | DF | Initializing model `deepfilternet2`
2024-10-29 14:00:12 | INFO     | DF | Found checkpoint ./DeepFilterNet2/checkpoints/model_96.ckpt.best with epoch 96
2024-10-29 14:00:12 | INFO     | DF | Running on device cuda:0
2024-10-29 14:00:12 | INFO     | DF | Model loaded
2024-10-29 14:03:12 | INFO     | DF | Running on torch 2.1.2
2024-10-29 14:03:12 | INFO     | DF | Running on host wzhpc
2024-10-29 14:03:12 | INFO     | DF | Loading model settings of DeepFilterNet2
2024-10-29 14:03:12 | INFO     | DF | Initializing model `deepfilternet2`
2024-10-29 14:03:13 | INFO     | DF | Found checkpoint ./DeepFilterNet2/checkpoints/model_96.ckpt.best with epoch 96
2024-10-29 14:03:13 | INFO     | DF | Running on device cuda:0
2024-10-29 14:03:13 | INFO     | DF | Model loaded
2024-10-29 15:28:55 | INFO     | DF | Running on torch 2.1.2
2024-10-29 15:28:55 | INFO     | DF | Running on host wzhpc
2024-10-29 15:28:55 | INFO     | DF | Loading model settings of DeepFilterNet2
2024-10-29 15:28:55 | INFO     | DF | Initializing model `deepfilternet2`
2024-10-29 15:28:56 | INFO     | DF | Found checkpoint ./DeepFilterNet2/checkpoints/model_96.ckpt.best with epoch 96
2024-10-29 15:28:56 | INFO     | DF | Running on device cuda:0
2024-10-29 15:28:56 | INFO     | DF | Model loaded
2024-10-29 17:29:00 | INFO     | DF | Running on torch 2.1.2
2024-10-29 17:29:00 | INFO     | DF | Running on host wzhpc
2024-10-29 17:29:00 | INFO     | DF | Loading model settings of DeepFilterNet2
2024-10-29 17:29:00 | INFO     | DF | Initializing model `deepfilternet2`
2024-10-29 17:29:01 | INFO     | DF | Found checkpoint ./DeepFilterNet2/checkpoints/model_96.ckpt.best with epoch 96
2024-10-29 17:29:01 | INFO     | DF | Running on device cuda:0
2024-10-29 17:29:01 | INFO     | DF | Model loaded
2024-10-29 17:29:41 | INFO     | DF | Running on torch 2.1.2
2024-10-29 17:29:41 | INFO     | DF | Running on host wzhpc
2024-10-29 17:29:41 | INFO     | DF | Loading model settings of DeepFilterNet2
2024-10-29 17:29:41 | INFO     | DF | Initializing model `deepfilternet2`
2024-10-29 17:29:42 | INFO     | DF | Found checkpoint ./DeepFilterNet2/checkpoints/model_96.ckpt.best with epoch 96
2024-10-29 17:29:42 | INFO     | DF | Running on device cuda:0
2024-10-29 17:29:42 | INFO     | DF | Model loaded
2024-10-29 17:30:57 | INFO     | DF | Running on torch 2.1.2
2024-10-29 17:30:57 | INFO     | DF | Running on host wzhpc
2024-10-29 17:30:57 | INFO     | DF | Loading model settings of DeepFilterNet2
2024-10-29 17:30:57 | INFO     | DF | Initializing model `deepfilternet2`
2024-10-29 17:30:57 | INFO     | DF | Found checkpoint ./DeepFilterNet2/checkpoints/model_96.ckpt.best with epoch 96
2024-10-29 17:30:58 | INFO     | DF | Running on device cuda:0
2024-10-29 17:30:58 | INFO     | DF | Model loaded
2024-10-29 17:50:55 | INFO     | DF | Running on torch 2.1.2
2024-10-29 17:50:55 | INFO     | DF | Running on host wzhpc
2024-10-29 17:50:55 | INFO     | DF | Loading model settings of DeepFilterNet2
2024-10-29 17:50:55 | INFO     | DF | Initializing model `deepfilternet2`
2024-10-29 17:50:56 | INFO     | DF | Found checkpoint ./DeepFilterNet2/checkpoints/model_96.ckpt.best with epoch 96
2024-10-29 17:50:56 | INFO     | DF | Running on device cuda:0
2024-10-29 17:50:56 | INFO     | DF | Model loaded
2026-03-10 23:25:12 | INFO     | DF | Running on torch 2.0.1+cpu
2026-03-10 23:25:12 | INFO     | DF | Running on host Ikaros
2026-03-10 23:25:12 | INFO     | DF | Loading model settings of DeepFilterNet2
2026-03-10 23:25:12 | INFO     | DF | Initializing model `deepfilternet2`
2026-03-10 23:25:12 | INFO     | DF | Found checkpoint ./DeepFilterNet2\checkpoints\model_96.ckpt.best with epoch 96
2026-03-10 23:25:12 | INFO     | DF | Running on device cpu
2026-03-10 23:25:12 | INFO     | DF | Model loaded
2026-03-10 23:34:55 | INFO     | DF | Running on torch 2.0.1+cpu
2026-03-10 23:34:55 | INFO     | DF | Running on host Ikaros
2026-03-10 23:34:55 | INFO     | DF | Loading model settings of DeepFilterNet2
2026-03-10 23:34:55 | INFO     | DF | Initializing model `deepfilternet2`
2026-03-10 23:34:55 | INFO     | DF | Found checkpoint ./DeepFilterNet2\checkpoints\model_96.ckpt.best with epoch 96
2026-03-10 23:34:55 | INFO     | DF | Running on device cpu
2026-03-10 23:34:55 | INFO     | DF | Model loaded
2026-03-11 00:02:57 | INFO     | DF | Running on torch 2.0.1+cpu
2026-03-11 00:02:57 | INFO     | DF | Running on host Ikaros
2026-03-11 00:02:57 | INFO     | DF | Loading model settings of DeepFilterNet2
2026-03-11 00:02:57 | INFO     | DF | Initializing model `deepfilternet2`
2026-03-11 00:02:57 | INFO     | DF | Found checkpoint D:\Miscs\OTHER\coding\python\DeepFilterNet2\checkpoints\model_96.ckpt.best with epoch 96
2026-03-11 00:02:57 | INFO     | DF | Running on device cpu
2026-03-11 00:02:57 | INFO     | DF | Model loaded
2026-03-11 00:07:52 | INFO     | DF | Running on torch 2.0.1+cpu
2026-03-11 00:07:52 | INFO     | DF | Running on host Ikaros
2026-03-11 00:07:52 | INFO     | DF | Loading model settings of DeepFilterNet2
2026-03-11 00:07:52 | INFO     | DF | Initializing model `deepfilternet2`
2026-03-11 00:07:52 | INFO     | DF | Found checkpoint D:\Miscs\OTHER\coding\python\DeepFilterNet2\checkpoints\model_96.ckpt.best with epoch 96
2026-03-11 00:07:52 | INFO     | DF | Running on device cpu
2026-03-11 00:07:52 | INFO     | DF | Model loaded
2026-03-11 00:23:50 | INFO     | DF | Running on torch 2.0.1+cpu
2026-03-11 00:23:50 | INFO     | DF | Running on host Ikaros
2026-03-11 00:23:50 | INFO     | DF | Loading model settings of DeepFilterNet2
2026-03-11 00:23:50 | INFO     | DF | Initializing model `deepfilternet2`
2026-03-11 00:23:50 | INFO     | DF | Found checkpoint D:\Miscs\OTHER\coding\python\DeepFilterNet2\checkpoints\model_96.ckpt.best with epoch 96
2026-03-11 00:23:50 | INFO     | DF | Running on device cpu
2026-03-11 00:23:50 | INFO     | DF | Model loaded
2026-03-11 00:50:45 | INFO     | DF | Running on torch 2.0.1+cpu
2026-03-11 00:50:45 | INFO     | DF | Running on host Ikaros
2026-03-11 00:50:45 | INFO     | DF | Loading model settings of DeepFilterNet2
2026-03-11 00:50:45 | INFO     | DF | Initializing model `deepfilternet2`
2026-03-11 00:50:45 | INFO     | DF | Found checkpoint D:\Miscs\OTHER\coding\python\DeepFilterNet2\checkpoints\model_96.ckpt.best with epoch 96
2026-03-11 00:50:45 | INFO     | DF | Running on device cpu
2026-03-11 00:50:45 | INFO     | DF | Model loaded
2026-03-11 01:07:31 | INFO     | DF | Running on torch 2.0.1+cpu
2026-03-11 01:07:31 | INFO     | DF | Running on host Ikaros
2026-03-11 01:07:31 | INFO     | DF | Loading model settings of DeepFilterNet2
2026-03-11 01:07:31 | INFO     | DF | Initializing model `deepfilternet2`
2026-03-11 01:07:31 | INFO     | DF | Found checkpoint D:\Miscs\OTHER\coding\python\DeepFilterNet2\checkpoints\model_96.ckpt.best with epoch 96
2026-03-11 01:07:31 | INFO     | DF | Running on device cpu
2026-03-11 01:07:31 | INFO     | DF | Model loaded
2026-03-11 01:21:56 | INFO     | DF | Running on torch 2.0.1+cpu
2026-03-11 01:21:56 | INFO     | DF | Running on host Ikaros
2026-03-11 01:21:56 | INFO     | DF | Loading model settings of DeepFilterNet2
2026-03-11 01:21:56 | INFO     | DF | Initializing model `deepfilternet2`
2026-03-11 01:21:56 | INFO     | DF | Found checkpoint D:\Miscs\OTHER\coding\python\DeepFilterNet2\checkpoints\model_96.ckpt.best with epoch 96
2026-03-11 01:21:56 | INFO     | DF | Running on device cpu
2026-03-11 01:21:56 | INFO     | DF | Model loaded
2026-03-11 10:01:16 | INFO     | DF | Running on torch 2.0.1+cpu
2026-03-11 10:01:16 | INFO     | DF | Running on host Ikaros
2026-03-11 10:01:16 | INFO     | DF | Loading model settings of DeepFilterNet2
2026-03-11 10:01:16 | INFO     | DF | Initializing model `deepfilternet2`
2026-03-11 10:01:16 | INFO     | DF | Found checkpoint D:\Miscs\OTHER\coding\python\DeepFilterNet2\checkpoints\model_96.ckpt.best with epoch 96
2026-03-11 10:01:16 | INFO     | DF | Running on device cpu
2026-03-11 10:01:16 | INFO     | DF | Model loaded
2026-03-11 10:32:26 | INFO     | DF | Running on torch 2.0.1+cpu
2026-03-11 10:32:26 | INFO     | DF | Running on host Ikaros
2026-03-11 10:32:26 | INFO     | DF | Loading model settings of DeepFilterNet2
2026-03-11 10:32:26 | INFO     | DF | Initializing model `deepfilternet2`
2026-03-11 10:32:26 | INFO     | DF | Found checkpoint D:\Miscs\OTHER\coding\python\DeepFilterNet2\checkpoints\model_96.ckpt.best with epoch 96
2026-03-11 10:32:26 | INFO     | DF | Running on device cpu
2026-03-11 10:32:26 | INFO     | DF | Model loaded
2026-03-11 11:11:00 | INFO     | DF | Running on torch 2.0.1+cpu
2026-03-11 11:11:00 | INFO     | DF | Running on host Ikaros
2026-03-11 11:11:00 | INFO     | DF | Loading model settings of DeepFilterNet2
2026-03-11 11:11:00 | INFO     | DF | Initializing model `deepfilternet2`
2026-03-11 11:11:00 | INFO     | DF | Found checkpoint D:\Miscs\OTHER\coding\python\DeepFilterNet2\checkpoints\model_96.ckpt.best with epoch 96
2026-03-11 11:11:00 | INFO     | DF | Running on device cpu
2026-03-11 11:11:00 | INFO     | DF | Model loaded
2026-03-11 11:17:42 | INFO     | DF | Running on torch 2.0.1+cpu
2026-03-11 11:17:42 | INFO     | DF | Running on host Ikaros
2026-03-11 11:17:42 | INFO     | DF | Loading model settings of DeepFilterNet2
2026-03-11 11:17:42 | INFO     | DF | Initializing model `deepfilternet2`
2026-03-11 11:17:42 | INFO     | DF | Found checkpoint D:\Miscs\OTHER\coding\python\DeepFilterNet2\checkpoints\model_96.ckpt.best with epoch 96
2026-03-11 11:17:42 | INFO     | DF | Running on device cpu
2026-03-11 11:17:42 | INFO     | DF | Model loaded
